   0  $accept : programa $end

   1  programa : ID bloque_sentencias

   2  bloque_try : bloque_try_comienzo bloque_catch

   3  $$1 :

   4  bloque_try_comienzo : TRY sentencia_try $$1

   5  bloque_catch : CATCH BEGIN sentencia_compuesta_try END
   6               | error BEGIN sentencia_compuesta_try END
   7               | CATCH BEGIN sentencia_compuesta_try error
   8               | CATCH error sentencia_compuesta_try END

   9  bloque_sentencias : sentencia_declarativa BEGIN sentencia_compuesta END ';'
  10                    | sentencia_declarativa BEGIN sentencia_compuesta END error
  11                    | sentencia_declarativa BEGIN sentencia_compuesta error ';'
  12                    | sentencia_declarativa error sentencia_compuesta END ';'
  13                    | sentencia_declarativa BEGIN END ';'
  14                    | sentencia_declarativa error END ';'
  15                    | sentencia_declarativa BEGIN error ';'
  16                    | sentencia_declarativa BEGIN END error
  17                    | BEGIN sentencia_compuesta END ';'
  18                    | error sentencia_compuesta END ';'
  19                    | BEGIN sentencia_compuesta error ';'
  20                    | BEGIN sentencia_compuesta END error
  21                    | BEGIN END ';'
  22                    | sentencia_simple

  23  sentencia_declarativa : sentencia_declarativa declaracion ';'
  24                        | sentencia_declarativa declaracion error
  25                        | declaracion ';'
  26                        | declaracion error

  27  declaracion : declaracion_var
  28              | func

  29  declaracion_var : tipo lista_var

  30  $$2 :

  31  declaracion_var : FUNC $$2 lista_var
  32                  | error lista_var

  33  tipo : DOUBLE
  34       | ULONG

  35  lista_var : lista_var ',' ID
  36            | ID
  37            | error

  38  func : declaracion_func parametro_func cuerpo_func

  39  $$3 :

  40  declaracion_func : tipo FUNC ID $$3

  41  parametro_func : '(' parametro ')'

  42  parametro : tipo ID

  43  cuerpo_func : sentencia_declarativa BEGIN sentencia_compuesta RETURN '(' expresion ')' ';' END
  44              | BEGIN sentencia_compuesta RETURN '(' expresion ')' ';' END
  45              | sentencia_declarativa BEGIN RETURN '(' expresion ')' ';' END

  46  $$4 :

  47  cuerpo_func : sentencia_declarativa BEGIN sentencia_compuesta RETURN '(' expresion ')' ';' POST ':' '(' condicion ')' ';' END $$4

  48  $$5 :

  49  cuerpo_func : BEGIN sentencia_compuesta RETURN '(' expresion ')' ';' POST ':' '(' condicion ')' ';' END $$5
  50              | cuerpo_func_error

  51  cuerpo_func_error : sentencia_declarativa error sentencia_compuesta RETURN '(' expresion ')' ';' END
  52                    | sentencia_declarativa BEGIN sentencia_compuesta RETURN '(' expresion ')' ';' error END
  53                    | sentencia_declarativa BEGIN sentencia_compuesta RETURN error expresion ')' ';' END
  54                    | sentencia_declarativa BEGIN sentencia_compuesta RETURN '(' expresion error ';' END
  55                    | sentencia_declarativa BEGIN sentencia_compuesta RETURN '(' expresion ')' ';' error
  56                    | error sentencia_compuesta RETURN '(' expresion ')' ';' END
  57                    | BEGIN sentencia_compuesta '(' expresion ')' ';' END
  58                    | BEGIN sentencia_compuesta RETURN '(' expresion ')' ';' error END
  59                    | BEGIN sentencia_compuesta RETURN error expresion ')' ';' END
  60                    | BEGIN sentencia_compuesta RETURN '(' expresion error ';' END
  61                    | BEGIN sentencia_compuesta RETURN '(' expresion ')' ';' error
  62                    | sentencia_declarativa error sentencia_compuesta RETURN '(' expresion ')' ';' POST ':' '(' condicion ')' ';' END
  63                    | sentencia_declarativa BEGIN sentencia_compuesta '(' expresion ')' ';' POST ':' '(' condicion ')' ';' END
  64                    | sentencia_declarativa BEGIN sentencia_compuesta RETURN '(' expresion ')' error ';' POST ':' '(' condicion ')' ';' END
  65                    | sentencia_declarativa BEGIN sentencia_compuesta RETURN '(' expresion ')' ';' POST ':' '(' condicion ')' ';' error
  66                    | sentencia_declarativa BEGIN sentencia_compuesta RETURN '(' expresion ')' ';' error ':' '(' condicion ')' ';' END
  67                    | sentencia_declarativa error RETURN '(' expresion ')' ';' END
  68                    | sentencia_declarativa BEGIN '(' expresion ')' ';' END
  69                    | sentencia_declarativa BEGIN RETURN '(' expresion ')' ';' error END
  70                    | sentencia_declarativa BEGIN RETURN error expresion ')' ';' END
  71                    | sentencia_declarativa BEGIN RETURN '(' expresion error ';' END
  72                    | sentencia_declarativa BEGIN RETURN '(' expresion ')' ';' error

  73  expresion : expresion '+' termino
  74            | expresion '-' termino
  75            | termino

  76  termino : termino '*' factor
  77          | termino '/' factor
  78          | factor

  79  factor : ID

  80  $$6 :

  81  factor : '-' CTE $$6
  82         | CTE
  83         | ID '(' parametro_inv ')'
  84         | ERROR
  85         | '-' ERROR

  86  parametro_inv : ID
  87                | '-' CTE
  88                | CTE

  89  sentencia_compuesta : sentencia_compuesta sentencia_simple
  90                      | sentencia_simple

  91  $$7 :

  92  sentencia_simple : ID ASIG expresion ';' $$7
  93                   | ID ASIG error ';'
  94                   | ID ERROR expresion ';'
  95                   | seleccion ';'
  96                   | seleccion error
  97                   | print error
  98                   | print ';'
  99                   | iteracion
 100                   | BREAK ';'
 101                   | BREAK error
 102                   | bloque_try ';'
 103                   | bloque_try error

 104  sentencia_compuesta_try : sentencia_compuesta_try sentencia_try
 105                          | sentencia_try

 106  $$8 :

 107  sentencia_try : ID ASIG expresion ';' $$8
 108                | ID error expresion ';'
 109                | ID ASIG expresion error
 110                | seleccion ';'
 111                | seleccion error
 112                | print error
 113                | print ';'
 114                | iteracion
 115                | BREAK ';'
 116                | BREAK error

 117  $$9 :

 118  seleccion : IF cond THEN cuerpo_if ENDIF $$9
 119            | IF cond error cuerpo_if ENDIF
 120            | IF cond THEN cuerpo_if error
 121            | error cond THEN cuerpo_if ENDIF
 122            | IF error THEN cuerpo_if ENDIF

 123  cuerpo_if : cuerpo_then ELSE cuerpo_else
 124            | cuerpo_then

 125  cuerpo_then : bloque_sentencias

 126  cuerpo_else : bloque_sentencias

 127  cond : '(' condicion ')'

 128  condicion : condicion operadores expresion
 129            | expresion

 130  operadores : '>'
 131             | "MAYOR_IGUAL"
 132             | "MENOR_IGUAL"
 133             | '<'
 134             | "IGUAL"
 135             | "DISTINTO"
 136             | "AND"
 137             | "OR"

 138  $$10 :

 139  print : PRINT '(' CADENA ')' $$10
 140        | PRINT '(' CADENA error
 141        | PRINT '(' error ')'
 142        | PRINT error CADENA ')'

 143  $$11 :

 144  iteracion : inicio_while cond cuerpo_while $$11
 145            | error cond cuerpo_while
 146            | inicio_while error cuerpo_while

 147  inicio_while : WHILE

 148  cuerpo_while : DO bloque_sentencias
 149               | error bloque_sentencias

state 0
	$accept : . programa $end  (0)

	ID  shift 1
	.  error

	programa  goto 2


state 1
	programa : ID . bloque_sentencias  (1)

	error  shift 3
	ID  shift 4
	IF  shift 5
	PRINT  shift 6
	FUNC  shift 7
	BEGIN  shift 8
	BREAK  shift 9
	ULONG  shift 10
	DOUBLE  shift 11
	WHILE  shift 12
	TRY  shift 13
	.  error

	bloque_sentencias  goto 14
	bloque_try  goto 15
	bloque_try_comienzo  goto 16
	sentencia_declarativa  goto 17
	sentencia_simple  goto 18
	declaracion  goto 19
	declaracion_var  goto 20
	func  goto 21
	tipo  goto 22
	declaracion_func  goto 23
	seleccion  goto 24
	print  goto 25
	iteracion  goto 26
	inicio_while  goto 27


state 2
	$accept : programa . $end  (0)

	$end  accept


state 3
	bloque_sentencias : error . sentencia_compuesta END ';'  (18)
	declaracion_var : error . lista_var  (32)
	seleccion : error . cond THEN cuerpo_if ENDIF  (121)
	iteracion : error . cond cuerpo_while  (145)

	error  shift 28
	ID  shift 29
	IF  shift 5
	PRINT  shift 6
	BREAK  shift 9
	WHILE  shift 12
	TRY  shift 13
	'('  shift 30
	.  error

	bloque_try  goto 15
	bloque_try_comienzo  goto 16
	sentencia_compuesta  goto 31
	sentencia_simple  goto 32
	lista_var  goto 33
	seleccion  goto 24
	print  goto 25
	iteracion  goto 26
	cond  goto 34
	inicio_while  goto 27


state 4
	sentencia_simple : ID . ASIG expresion ';' $$7  (92)
	sentencia_simple : ID . ASIG error ';'  (93)
	sentencia_simple : ID . ERROR expresion ';'  (94)

	ASIG  shift 35
	ERROR  shift 36
	.  error


state 5
	seleccion : IF . cond THEN cuerpo_if ENDIF $$9  (118)
	seleccion : IF . cond error cuerpo_if ENDIF  (119)
	seleccion : IF . cond THEN cuerpo_if error  (120)
	seleccion : IF . error THEN cuerpo_if ENDIF  (122)

	error  shift 37
	'('  shift 30
	.  error

	cond  goto 38


state 6
	print : PRINT . '(' CADENA ')' $$10  (139)
	print : PRINT . '(' CADENA error  (140)
	print : PRINT . '(' error ')'  (141)
	print : PRINT . error CADENA ')'  (142)

	error  shift 39
	'('  shift 40
	.  error


state 7
	declaracion_var : FUNC . $$2 lista_var  (31)
	$$2 : .  (30)

	.  reduce 30

	$$2  goto 41


state 8
	bloque_sentencias : BEGIN . sentencia_compuesta END ';'  (17)
	bloque_sentencias : BEGIN . sentencia_compuesta error ';'  (19)
	bloque_sentencias : BEGIN . sentencia_compuesta END error  (20)
	bloque_sentencias : BEGIN . END ';'  (21)

	error  shift 42
	ID  shift 4
	IF  shift 5
	PRINT  shift 6
	END  shift 43
	BREAK  shift 9
	WHILE  shift 12
	TRY  shift 13
	.  error

	bloque_try  goto 15
	bloque_try_comienzo  goto 16
	sentencia_compuesta  goto 44
	sentencia_simple  goto 32
	seleccion  goto 24
	print  goto 25
	iteracion  goto 26
	inicio_while  goto 27


state 9
	sentencia_simple : BREAK . ';'  (100)
	sentencia_simple : BREAK . error  (101)

	error  shift 45
	';'  shift 46
	.  error


state 10
	tipo : ULONG .  (34)

	.  reduce 34


state 11
	tipo : DOUBLE .  (33)

	.  reduce 33


state 12
	inicio_while : WHILE .  (147)

	.  reduce 147


state 13
	bloque_try_comienzo : TRY . sentencia_try $$1  (4)

	error  shift 42
	ID  shift 47
	IF  shift 5
	PRINT  shift 6
	BREAK  shift 48
	WHILE  shift 12
	.  error

	sentencia_try  goto 49
	seleccion  goto 50
	print  goto 51
	iteracion  goto 52
	inicio_while  goto 27


state 14
	programa : ID bloque_sentencias .  (1)

	.  reduce 1


state 15
	sentencia_simple : bloque_try . ';'  (102)
	sentencia_simple : bloque_try . error  (103)

	error  shift 53
	';'  shift 54
	.  error


state 16
	bloque_try : bloque_try_comienzo . bloque_catch  (2)

	error  shift 55
	CATCH  shift 56
	.  error

	bloque_catch  goto 57


state 17
	bloque_sentencias : sentencia_declarativa . BEGIN sentencia_compuesta END ';'  (9)
	bloque_sentencias : sentencia_declarativa . BEGIN sentencia_compuesta END error  (10)
	bloque_sentencias : sentencia_declarativa . BEGIN sentencia_compuesta error ';'  (11)
	bloque_sentencias : sentencia_declarativa . error sentencia_compuesta END ';'  (12)
	bloque_sentencias : sentencia_declarativa . BEGIN END ';'  (13)
	bloque_sentencias : sentencia_declarativa . error END ';'  (14)
	bloque_sentencias : sentencia_declarativa . BEGIN error ';'  (15)
	bloque_sentencias : sentencia_declarativa . BEGIN END error  (16)
	sentencia_declarativa : sentencia_declarativa . declaracion ';'  (23)
	sentencia_declarativa : sentencia_declarativa . declaracion error  (24)

	error  shift 58
	FUNC  shift 7
	BEGIN  shift 59
	ULONG  shift 10
	DOUBLE  shift 11
	.  error

	declaracion  goto 60
	declaracion_var  goto 20
	func  goto 21
	tipo  goto 22
	declaracion_func  goto 23


state 18
	bloque_sentencias : sentencia_simple .  (22)

	.  reduce 22


state 19
	sentencia_declarativa : declaracion . ';'  (25)
	sentencia_declarativa : declaracion . error  (26)

	error  shift 61
	';'  shift 62
	.  error


state 20
	declaracion : declaracion_var .  (27)

	.  reduce 27


state 21
	declaracion : func .  (28)

	.  reduce 28


state 22
	declaracion_var : tipo . lista_var  (29)
	declaracion_func : tipo . FUNC ID $$3  (40)

	error  shift 63
	ID  shift 64
	FUNC  shift 65
	.  error

	lista_var  goto 66


state 23
	func : declaracion_func . parametro_func cuerpo_func  (38)

	'('  shift 67
	.  error

	parametro_func  goto 68


state 24
	sentencia_simple : seleccion . ';'  (95)
	sentencia_simple : seleccion . error  (96)

	error  shift 69
	';'  shift 70
	.  error


state 25
	sentencia_simple : print . error  (97)
	sentencia_simple : print . ';'  (98)

	error  shift 71
	';'  shift 72
	.  error


state 26
	sentencia_simple : iteracion .  (99)

	.  reduce 99


state 27
	iteracion : inicio_while . cond cuerpo_while $$11  (144)
	iteracion : inicio_while . error cuerpo_while  (146)

	error  shift 73
	'('  shift 30
	.  error

	cond  goto 74


state 28
	lista_var : error .  (37)
	seleccion : error . cond THEN cuerpo_if ENDIF  (121)
	iteracion : error . cond cuerpo_while  (145)

	'('  shift 30
	error  reduce 37
	';'  reduce 37
	','  reduce 37

	cond  goto 34


state 29
	lista_var : ID .  (36)
	sentencia_simple : ID . ASIG expresion ';' $$7  (92)
	sentencia_simple : ID . ASIG error ';'  (93)
	sentencia_simple : ID . ERROR expresion ';'  (94)

	ASIG  shift 35
	ERROR  shift 36
	error  reduce 36
	';'  reduce 36
	','  reduce 36


state 30
	cond : '(' . condicion ')'  (127)

	ID  shift 75
	CTE  shift 76
	ERROR  shift 77
	'-'  shift 78
	.  error

	expresion  goto 79
	condicion  goto 80
	termino  goto 81
	factor  goto 82


state 31
	bloque_sentencias : error sentencia_compuesta . END ';'  (18)
	sentencia_compuesta : sentencia_compuesta . sentencia_simple  (89)

	error  shift 42
	ID  shift 4
	IF  shift 5
	PRINT  shift 6
	END  shift 83
	BREAK  shift 9
	WHILE  shift 12
	TRY  shift 13
	.  error

	bloque_try  goto 15
	bloque_try_comienzo  goto 16
	sentencia_simple  goto 84
	seleccion  goto 24
	print  goto 25
	iteracion  goto 26
	inicio_while  goto 27


state 32
	sentencia_compuesta : sentencia_simple .  (90)

	.  reduce 90


state 33
	declaracion_var : error lista_var .  (32)
	lista_var : lista_var . ',' ID  (35)

	','  shift 85
	error  reduce 32
	';'  reduce 32


state 34
	seleccion : error cond . THEN cuerpo_if ENDIF  (121)
	iteracion : error cond . cuerpo_while  (145)

	error  shift 86
	THEN  shift 87
	DO  shift 88
	.  error

	cuerpo_while  goto 89


state 35
	sentencia_simple : ID ASIG . expresion ';' $$7  (92)
	sentencia_simple : ID ASIG . error ';'  (93)

	error  shift 90
	ID  shift 75
	CTE  shift 76
	ERROR  shift 77
	'-'  shift 78
	.  error

	expresion  goto 91
	termino  goto 81
	factor  goto 82


state 36
	sentencia_simple : ID ERROR . expresion ';'  (94)

	ID  shift 75
	CTE  shift 76
	ERROR  shift 77
	'-'  shift 78
	.  error

	expresion  goto 92
	termino  goto 81
	factor  goto 82


state 37
	seleccion : IF error . THEN cuerpo_if ENDIF  (122)

	THEN  shift 93
	.  error


state 38
	seleccion : IF cond . THEN cuerpo_if ENDIF $$9  (118)
	seleccion : IF cond . error cuerpo_if ENDIF  (119)
	seleccion : IF cond . THEN cuerpo_if error  (120)

	error  shift 94
	THEN  shift 95
	.  error


state 39
	print : PRINT error . CADENA ')'  (142)

	CADENA  shift 96
	.  error


state 40
	print : PRINT '(' . CADENA ')' $$10  (139)
	print : PRINT '(' . CADENA error  (140)
	print : PRINT '(' . error ')'  (141)

	error  shift 97
	CADENA  shift 98
	.  error


state 41
	declaracion_var : FUNC $$2 . lista_var  (31)

	error  shift 63
	ID  shift 64
	.  error

	lista_var  goto 99


state 42
	seleccion : error . cond THEN cuerpo_if ENDIF  (121)
	iteracion : error . cond cuerpo_while  (145)

	'('  shift 30
	.  error

	cond  goto 34


state 43
	bloque_sentencias : BEGIN END . ';'  (21)

	';'  shift 100
	.  error


state 44
	bloque_sentencias : BEGIN sentencia_compuesta . END ';'  (17)
	bloque_sentencias : BEGIN sentencia_compuesta . error ';'  (19)
	bloque_sentencias : BEGIN sentencia_compuesta . END error  (20)
	sentencia_compuesta : sentencia_compuesta . sentencia_simple  (89)

	error  shift 101
	ID  shift 4
	IF  shift 5
	PRINT  shift 6
	END  shift 102
	BREAK  shift 9
	WHILE  shift 12
	TRY  shift 13
	.  error

	bloque_try  goto 15
	bloque_try_comienzo  goto 16
	sentencia_simple  goto 84
	seleccion  goto 24
	print  goto 25
	iteracion  goto 26
	inicio_while  goto 27


state 45
	sentencia_simple : BREAK error .  (101)

	.  reduce 101


state 46
	sentencia_simple : BREAK ';' .  (100)

	.  reduce 100


state 47
	sentencia_try : ID . ASIG expresion ';' $$8  (107)
	sentencia_try : ID . error expresion ';'  (108)
	sentencia_try : ID . ASIG expresion error  (109)

	error  shift 103
	ASIG  shift 104
	.  error


state 48
	sentencia_try : BREAK . ';'  (115)
	sentencia_try : BREAK . error  (116)

	error  shift 105
	';'  shift 106
	.  error


state 49
	bloque_try_comienzo : TRY sentencia_try . $$1  (4)
	$$1 : .  (3)

	.  reduce 3

	$$1  goto 107


state 50
	sentencia_try : seleccion . ';'  (110)
	sentencia_try : seleccion . error  (111)

	error  shift 108
	';'  shift 109
	.  error


state 51
	sentencia_try : print . error  (112)
	sentencia_try : print . ';'  (113)

	error  shift 110
	';'  shift 111
	.  error


state 52
	sentencia_try : iteracion .  (114)

	.  reduce 114


state 53
	sentencia_simple : bloque_try error .  (103)

	.  reduce 103


state 54
	sentencia_simple : bloque_try ';' .  (102)

	.  reduce 102


state 55
	bloque_catch : error . BEGIN sentencia_compuesta_try END  (6)

	BEGIN  shift 112
	.  error


state 56
	bloque_catch : CATCH . BEGIN sentencia_compuesta_try END  (5)
	bloque_catch : CATCH . BEGIN sentencia_compuesta_try error  (7)
	bloque_catch : CATCH . error sentencia_compuesta_try END  (8)

	error  shift 113
	BEGIN  shift 114
	.  error


state 57
	bloque_try : bloque_try_comienzo bloque_catch .  (2)

	.  reduce 2


state 58
	bloque_sentencias : sentencia_declarativa error . sentencia_compuesta END ';'  (12)
	bloque_sentencias : sentencia_declarativa error . END ';'  (14)
	declaracion_var : error . lista_var  (32)

	error  shift 28
	ID  shift 29
	IF  shift 5
	PRINT  shift 6
	END  shift 115
	BREAK  shift 9
	WHILE  shift 12
	TRY  shift 13
	.  error

	bloque_try  goto 15
	bloque_try_comienzo  goto 16
	sentencia_compuesta  goto 116
	sentencia_simple  goto 32
	lista_var  goto 33
	seleccion  goto 24
	print  goto 25
	iteracion  goto 26
	inicio_while  goto 27


state 59
	bloque_sentencias : sentencia_declarativa BEGIN . sentencia_compuesta END ';'  (9)
	bloque_sentencias : sentencia_declarativa BEGIN . sentencia_compuesta END error  (10)
	bloque_sentencias : sentencia_declarativa BEGIN . sentencia_compuesta error ';'  (11)
	bloque_sentencias : sentencia_declarativa BEGIN . END ';'  (13)
	bloque_sentencias : sentencia_declarativa BEGIN . error ';'  (15)
	bloque_sentencias : sentencia_declarativa BEGIN . END error  (16)

	error  shift 117
	ID  shift 4
	IF  shift 5
	PRINT  shift 6
	END  shift 118
	BREAK  shift 9
	WHILE  shift 12
	TRY  shift 13
	.  error

	bloque_try  goto 15
	bloque_try_comienzo  goto 16
	sentencia_compuesta  goto 119
	sentencia_simple  goto 32
	seleccion  goto 24
	print  goto 25
	iteracion  goto 26
	inicio_while  goto 27


state 60
	sentencia_declarativa : sentencia_declarativa declaracion . ';'  (23)
	sentencia_declarativa : sentencia_declarativa declaracion . error  (24)

	error  shift 120
	';'  shift 121
	.  error


state 61
	sentencia_declarativa : declaracion error .  (26)

	.  reduce 26


state 62
	sentencia_declarativa : declaracion ';' .  (25)

	.  reduce 25


state 63
	lista_var : error .  (37)

	.  reduce 37


state 64
	lista_var : ID .  (36)

	.  reduce 36


state 65
	declaracion_func : tipo FUNC . ID $$3  (40)

	ID  shift 122
	.  error


state 66
	declaracion_var : tipo lista_var .  (29)
	lista_var : lista_var . ',' ID  (35)

	','  shift 85
	error  reduce 29
	';'  reduce 29


state 67
	parametro_func : '(' . parametro ')'  (41)

	ULONG  shift 10
	DOUBLE  shift 11
	.  error

	tipo  goto 123
	parametro  goto 124


state 68
	func : declaracion_func parametro_func . cuerpo_func  (38)

	error  shift 125
	FUNC  shift 7
	BEGIN  shift 126
	ULONG  shift 10
	DOUBLE  shift 11
	.  error

	sentencia_declarativa  goto 127
	declaracion  goto 19
	declaracion_var  goto 20
	func  goto 21
	tipo  goto 22
	declaracion_func  goto 23
	cuerpo_func  goto 128
	cuerpo_func_error  goto 129


state 69
	sentencia_simple : seleccion error .  (96)

	.  reduce 96


state 70
	sentencia_simple : seleccion ';' .  (95)

	.  reduce 95


state 71
	sentencia_simple : print error .  (97)

	.  reduce 97


state 72
	sentencia_simple : print ';' .  (98)

	.  reduce 98


state 73
	iteracion : inicio_while error . cuerpo_while  (146)

	error  shift 86
	DO  shift 88
	.  error

	cuerpo_while  goto 130


state 74
	iteracion : inicio_while cond . cuerpo_while $$11  (144)

	error  shift 86
	DO  shift 88
	.  error

	cuerpo_while  goto 131


state 75
	factor : ID .  (79)
	factor : ID . '(' parametro_inv ')'  (83)

	'('  shift 132
	error  reduce 79
	"OR"  reduce 79
	"AND"  reduce 79
	'>'  reduce 79
	'<'  reduce 79
	"DISTINTO"  reduce 79
	"MAYOR_IGUAL"  reduce 79
	"MENOR_IGUAL"  reduce 79
	"IGUAL"  reduce 79
	'+'  reduce 79
	'-'  reduce 79
	'*'  reduce 79
	'/'  reduce 79
	';'  reduce 79
	')'  reduce 79


state 76
	factor : CTE .  (82)

	.  reduce 82


state 77
	factor : ERROR .  (84)

	.  reduce 84


state 78
	factor : '-' . CTE $$6  (81)
	factor : '-' . ERROR  (85)

	CTE  shift 133
	ERROR  shift 134
	.  error


state 79
	expresion : expresion . '+' termino  (73)
	expresion : expresion . '-' termino  (74)
	condicion : expresion .  (129)

	'+'  shift 135
	'-'  shift 136
	"OR"  reduce 129
	"AND"  reduce 129
	'>'  reduce 129
	'<'  reduce 129
	"DISTINTO"  reduce 129
	"MAYOR_IGUAL"  reduce 129
	"MENOR_IGUAL"  reduce 129
	"IGUAL"  reduce 129
	')'  reduce 129


state 80
	cond : '(' condicion . ')'  (127)
	condicion : condicion . operadores expresion  (128)

	"OR"  shift 137
	"AND"  shift 138
	'>'  shift 139
	'<'  shift 140
	"DISTINTO"  shift 141
	"MAYOR_IGUAL"  shift 142
	"MENOR_IGUAL"  shift 143
	"IGUAL"  shift 144
	')'  shift 145
	.  error

	operadores  goto 146


state 81
	expresion : termino .  (75)
	termino : termino . '*' factor  (76)
	termino : termino . '/' factor  (77)

	'*'  shift 147
	'/'  shift 148
	error  reduce 75
	"OR"  reduce 75
	"AND"  reduce 75
	'>'  reduce 75
	'<'  reduce 75
	"DISTINTO"  reduce 75
	"MAYOR_IGUAL"  reduce 75
	"MENOR_IGUAL"  reduce 75
	"IGUAL"  reduce 75
	'+'  reduce 75
	'-'  reduce 75
	';'  reduce 75
	')'  reduce 75


state 82
	termino : factor .  (78)

	.  reduce 78


state 83
	bloque_sentencias : error sentencia_compuesta END . ';'  (18)

	';'  shift 149
	.  error


state 84
	sentencia_compuesta : sentencia_compuesta sentencia_simple .  (89)

	.  reduce 89


state 85
	lista_var : lista_var ',' . ID  (35)

	ID  shift 150
	.  error


state 86
	cuerpo_while : error . bloque_sentencias  (149)

	error  shift 3
	ID  shift 4
	IF  shift 5
	PRINT  shift 6
	FUNC  shift 7
	BEGIN  shift 8
	BREAK  shift 9
	ULONG  shift 10
	DOUBLE  shift 11
	WHILE  shift 12
	TRY  shift 13
	.  error

	bloque_sentencias  goto 151
	bloque_try  goto 15
	bloque_try_comienzo  goto 16
	sentencia_declarativa  goto 17
	sentencia_simple  goto 18
	declaracion  goto 19
	declaracion_var  goto 20
	func  goto 21
	tipo  goto 22
	declaracion_func  goto 23
	seleccion  goto 24
	print  goto 25
	iteracion  goto 26
	inicio_while  goto 27


state 87
	seleccion : error cond THEN . cuerpo_if ENDIF  (121)

	error  shift 3
	ID  shift 4
	IF  shift 5
	PRINT  shift 6
	FUNC  shift 7
	BEGIN  shift 8
	BREAK  shift 9
	ULONG  shift 10
	DOUBLE  shift 11
	WHILE  shift 12
	TRY  shift 13
	.  error

	bloque_sentencias  goto 152
	bloque_try  goto 15
	bloque_try_comienzo  goto 16
	sentencia_declarativa  goto 17
	sentencia_simple  goto 18
	declaracion  goto 19
	declaracion_var  goto 20
	func  goto 21
	tipo  goto 22
	declaracion_func  goto 23
	seleccion  goto 24
	print  goto 25
	iteracion  goto 26
	cuerpo_if  goto 153
	cuerpo_then  goto 154
	inicio_while  goto 27


state 88
	cuerpo_while : DO . bloque_sentencias  (148)

	error  shift 3
	ID  shift 4
	IF  shift 5
	PRINT  shift 6
	FUNC  shift 7
	BEGIN  shift 8
	BREAK  shift 9
	ULONG  shift 10
	DOUBLE  shift 11
	WHILE  shift 12
	TRY  shift 13
	.  error

	bloque_sentencias  goto 155
	bloque_try  goto 15
	bloque_try_comienzo  goto 16
	sentencia_declarativa  goto 17
	sentencia_simple  goto 18
	declaracion  goto 19
	declaracion_var  goto 20
	func  goto 21
	tipo  goto 22
	declaracion_func  goto 23
	seleccion  goto 24
	print  goto 25
	iteracion  goto 26
	inicio_while  goto 27


state 89
	iteracion : error cond cuerpo_while .  (145)

	.  reduce 145


state 90
	sentencia_simple : ID ASIG error . ';'  (93)

	';'  shift 156
	.  error


state 91
	expresion : expresion . '+' termino  (73)
	expresion : expresion . '-' termino  (74)
	sentencia_simple : ID ASIG expresion . ';' $$7  (92)

	'+'  shift 135
	'-'  shift 136
	';'  shift 157
	.  error


state 92
	expresion : expresion . '+' termino  (73)
	expresion : expresion . '-' termino  (74)
	sentencia_simple : ID ERROR expresion . ';'  (94)

	'+'  shift 135
	'-'  shift 136
	';'  shift 158
	.  error


state 93
	seleccion : IF error THEN . cuerpo_if ENDIF  (122)

	error  shift 3
	ID  shift 4
	IF  shift 5
	PRINT  shift 6
	FUNC  shift 7
	BEGIN  shift 8
	BREAK  shift 9
	ULONG  shift 10
	DOUBLE  shift 11
	WHILE  shift 12
	TRY  shift 13
	.  error

	bloque_sentencias  goto 152
	bloque_try  goto 15
	bloque_try_comienzo  goto 16
	sentencia_declarativa  goto 17
	sentencia_simple  goto 18
	declaracion  goto 19
	declaracion_var  goto 20
	func  goto 21
	tipo  goto 22
	declaracion_func  goto 23
	seleccion  goto 24
	print  goto 25
	iteracion  goto 26
	cuerpo_if  goto 159
	cuerpo_then  goto 154
	inicio_while  goto 27


state 94
	seleccion : IF cond error . cuerpo_if ENDIF  (119)

	error  shift 3
	ID  shift 4
	IF  shift 5
	PRINT  shift 6
	FUNC  shift 7
	BEGIN  shift 8
	BREAK  shift 9
	ULONG  shift 10
	DOUBLE  shift 11
	WHILE  shift 12
	TRY  shift 13
	.  error

	bloque_sentencias  goto 152
	bloque_try  goto 15
	bloque_try_comienzo  goto 16
	sentencia_declarativa  goto 17
	sentencia_simple  goto 18
	declaracion  goto 19
	declaracion_var  goto 20
	func  goto 21
	tipo  goto 22
	declaracion_func  goto 23
	seleccion  goto 24
	print  goto 25
	iteracion  goto 26
	cuerpo_if  goto 160
	cuerpo_then  goto 154
	inicio_while  goto 27


state 95
	seleccion : IF cond THEN . cuerpo_if ENDIF $$9  (118)
	seleccion : IF cond THEN . cuerpo_if error  (120)

	error  shift 3
	ID  shift 4
	IF  shift 5
	PRINT  shift 6
	FUNC  shift 7
	BEGIN  shift 8
	BREAK  shift 9
	ULONG  shift 10
	DOUBLE  shift 11
	WHILE  shift 12
	TRY  shift 13
	.  error

	bloque_sentencias  goto 152
	bloque_try  goto 15
	bloque_try_comienzo  goto 16
	sentencia_declarativa  goto 17
	sentencia_simple  goto 18
	declaracion  goto 19
	declaracion_var  goto 20
	func  goto 21
	tipo  goto 22
	declaracion_func  goto 23
	seleccion  goto 24
	print  goto 25
	iteracion  goto 26
	cuerpo_if  goto 161
	cuerpo_then  goto 154
	inicio_while  goto 27


state 96
	print : PRINT error CADENA . ')'  (142)

	')'  shift 162
	.  error


state 97
	print : PRINT '(' error . ')'  (141)

	')'  shift 163
	.  error


state 98
	print : PRINT '(' CADENA . ')' $$10  (139)
	print : PRINT '(' CADENA . error  (140)

	error  shift 164
	')'  shift 165
	.  error


state 99
	declaracion_var : FUNC $$2 lista_var .  (31)
	lista_var : lista_var . ',' ID  (35)

	','  shift 85
	error  reduce 31
	';'  reduce 31


state 100
	bloque_sentencias : BEGIN END ';' .  (21)

	.  reduce 21


state 101
	bloque_sentencias : BEGIN sentencia_compuesta error . ';'  (19)
	seleccion : error . cond THEN cuerpo_if ENDIF  (121)
	iteracion : error . cond cuerpo_while  (145)

	';'  shift 166
	'('  shift 30
	.  error

	cond  goto 34


state 102
	bloque_sentencias : BEGIN sentencia_compuesta END . ';'  (17)
	bloque_sentencias : BEGIN sentencia_compuesta END . error  (20)

	error  shift 167
	';'  shift 168
	.  error


state 103
	sentencia_try : ID error . expresion ';'  (108)

	ID  shift 75
	CTE  shift 76
	ERROR  shift 77
	'-'  shift 78
	.  error

	expresion  goto 169
	termino  goto 81
	factor  goto 82


state 104
	sentencia_try : ID ASIG . expresion ';' $$8  (107)
	sentencia_try : ID ASIG . expresion error  (109)

	ID  shift 75
	CTE  shift 76
	ERROR  shift 77
	'-'  shift 78
	.  error

	expresion  goto 170
	termino  goto 81
	factor  goto 82


state 105
	sentencia_try : BREAK error .  (116)

	.  reduce 116


state 106
	sentencia_try : BREAK ';' .  (115)

	.  reduce 115


state 107
	bloque_try_comienzo : TRY sentencia_try $$1 .  (4)

	.  reduce 4


state 108
	sentencia_try : seleccion error .  (111)

	.  reduce 111


state 109
	sentencia_try : seleccion ';' .  (110)

	.  reduce 110


state 110
	sentencia_try : print error .  (112)

	.  reduce 112


state 111
	sentencia_try : print ';' .  (113)

	.  reduce 113


state 112
	bloque_catch : error BEGIN . sentencia_compuesta_try END  (6)

	error  shift 42
	ID  shift 47
	IF  shift 5
	PRINT  shift 6
	BREAK  shift 48
	WHILE  shift 12
	.  error

	sentencia_try  goto 171
	sentencia_compuesta_try  goto 172
	seleccion  goto 50
	print  goto 51
	iteracion  goto 52
	inicio_while  goto 27


state 113
	bloque_catch : CATCH error . sentencia_compuesta_try END  (8)

	error  shift 42
	ID  shift 47
	IF  shift 5
	PRINT  shift 6
	BREAK  shift 48
	WHILE  shift 12
	.  error

	sentencia_try  goto 171
	sentencia_compuesta_try  goto 173
	seleccion  goto 50
	print  goto 51
	iteracion  goto 52
	inicio_while  goto 27


state 114
	bloque_catch : CATCH BEGIN . sentencia_compuesta_try END  (5)
	bloque_catch : CATCH BEGIN . sentencia_compuesta_try error  (7)

	error  shift 42
	ID  shift 47
	IF  shift 5
	PRINT  shift 6
	BREAK  shift 48
	WHILE  shift 12
	.  error

	sentencia_try  goto 171
	sentencia_compuesta_try  goto 174
	seleccion  goto 50
	print  goto 51
	iteracion  goto 52
	inicio_while  goto 27


state 115
	bloque_sentencias : sentencia_declarativa error END . ';'  (14)

	';'  shift 175
	.  error


state 116
	bloque_sentencias : sentencia_declarativa error sentencia_compuesta . END ';'  (12)
	sentencia_compuesta : sentencia_compuesta . sentencia_simple  (89)

	error  shift 42
	ID  shift 4
	IF  shift 5
	PRINT  shift 6
	END  shift 176
	BREAK  shift 9
	WHILE  shift 12
	TRY  shift 13
	.  error

	bloque_try  goto 15
	bloque_try_comienzo  goto 16
	sentencia_simple  goto 84
	seleccion  goto 24
	print  goto 25
	iteracion  goto 26
	inicio_while  goto 27


state 117
	bloque_sentencias : sentencia_declarativa BEGIN error . ';'  (15)
	seleccion : error . cond THEN cuerpo_if ENDIF  (121)
	iteracion : error . cond cuerpo_while  (145)

	';'  shift 177
	'('  shift 30
	.  error

	cond  goto 34


state 118
	bloque_sentencias : sentencia_declarativa BEGIN END . ';'  (13)
	bloque_sentencias : sentencia_declarativa BEGIN END . error  (16)

	error  shift 178
	';'  shift 179
	.  error


state 119
	bloque_sentencias : sentencia_declarativa BEGIN sentencia_compuesta . END ';'  (9)
	bloque_sentencias : sentencia_declarativa BEGIN sentencia_compuesta . END error  (10)
	bloque_sentencias : sentencia_declarativa BEGIN sentencia_compuesta . error ';'  (11)
	sentencia_compuesta : sentencia_compuesta . sentencia_simple  (89)

	error  shift 180
	ID  shift 4
	IF  shift 5
	PRINT  shift 6
	END  shift 181
	BREAK  shift 9
	WHILE  shift 12
	TRY  shift 13
	.  error

	bloque_try  goto 15
	bloque_try_comienzo  goto 16
	sentencia_simple  goto 84
	seleccion  goto 24
	print  goto 25
	iteracion  goto 26
	inicio_while  goto 27


state 120
	sentencia_declarativa : sentencia_declarativa declaracion error .  (24)

	.  reduce 24


state 121
	sentencia_declarativa : sentencia_declarativa declaracion ';' .  (23)

	.  reduce 23


state 122
	declaracion_func : tipo FUNC ID . $$3  (40)
	$$3 : .  (39)

	.  reduce 39

	$$3  goto 182


state 123
	parametro : tipo . ID  (42)

	ID  shift 183
	.  error


state 124
	parametro_func : '(' parametro . ')'  (41)

	')'  shift 184
	.  error


state 125
	declaracion_var : error . lista_var  (32)
	cuerpo_func_error : error . sentencia_compuesta RETURN '(' expresion ')' ';' END  (56)

	error  shift 28
	ID  shift 29
	IF  shift 5
	PRINT  shift 6
	BREAK  shift 9
	WHILE  shift 12
	TRY  shift 13
	.  error

	bloque_try  goto 15
	bloque_try_comienzo  goto 16
	sentencia_compuesta  goto 185
	sentencia_simple  goto 32
	lista_var  goto 33
	seleccion  goto 24
	print  goto 25
	iteracion  goto 26
	inicio_while  goto 27


state 126
	cuerpo_func : BEGIN . sentencia_compuesta RETURN '(' expresion ')' ';' END  (44)
	cuerpo_func : BEGIN . sentencia_compuesta RETURN '(' expresion ')' ';' POST ':' '(' condicion ')' ';' END $$5  (49)
	cuerpo_func_error : BEGIN . sentencia_compuesta '(' expresion ')' ';' END  (57)
	cuerpo_func_error : BEGIN . sentencia_compuesta RETURN '(' expresion ')' ';' error END  (58)
	cuerpo_func_error : BEGIN . sentencia_compuesta RETURN error expresion ')' ';' END  (59)
	cuerpo_func_error : BEGIN . sentencia_compuesta RETURN '(' expresion error ';' END  (60)
	cuerpo_func_error : BEGIN . sentencia_compuesta RETURN '(' expresion ')' ';' error  (61)

	error  shift 42
	ID  shift 4
	IF  shift 5
	PRINT  shift 6
	BREAK  shift 9
	WHILE  shift 12
	TRY  shift 13
	.  error

	bloque_try  goto 15
	bloque_try_comienzo  goto 16
	sentencia_compuesta  goto 186
	sentencia_simple  goto 32
	seleccion  goto 24
	print  goto 25
	iteracion  goto 26
	inicio_while  goto 27


state 127
	sentencia_declarativa : sentencia_declarativa . declaracion ';'  (23)
	sentencia_declarativa : sentencia_declarativa . declaracion error  (24)
	cuerpo_func : sentencia_declarativa . BEGIN sentencia_compuesta RETURN '(' expresion ')' ';' END  (43)
	cuerpo_func : sentencia_declarativa . BEGIN RETURN '(' expresion ')' ';' END  (45)
	cuerpo_func : sentencia_declarativa . BEGIN sentencia_compuesta RETURN '(' expresion ')' ';' POST ':' '(' condicion ')' ';' END $$4  (47)
	cuerpo_func_error : sentencia_declarativa . error sentencia_compuesta RETURN '(' expresion ')' ';' END  (51)
	cuerpo_func_error : sentencia_declarativa . BEGIN sentencia_compuesta RETURN '(' expresion ')' ';' error END  (52)
	cuerpo_func_error : sentencia_declarativa . BEGIN sentencia_compuesta RETURN error expresion ')' ';' END  (53)
	cuerpo_func_error : sentencia_declarativa . BEGIN sentencia_compuesta RETURN '(' expresion error ';' END  (54)
	cuerpo_func_error : sentencia_declarativa . BEGIN sentencia_compuesta RETURN '(' expresion ')' ';' error  (55)
	cuerpo_func_error : sentencia_declarativa . error sentencia_compuesta RETURN '(' expresion ')' ';' POST ':' '(' condicion ')' ';' END  (62)
	cuerpo_func_error : sentencia_declarativa . BEGIN sentencia_compuesta '(' expresion ')' ';' POST ':' '(' condicion ')' ';' END  (63)
	cuerpo_func_error : sentencia_declarativa . BEGIN sentencia_compuesta RETURN '(' expresion ')' error ';' POST ':' '(' condicion ')' ';' END  (64)
	cuerpo_func_error : sentencia_declarativa . BEGIN sentencia_compuesta RETURN '(' expresion ')' ';' POST ':' '(' condicion ')' ';' error  (65)
	cuerpo_func_error : sentencia_declarativa . BEGIN sentencia_compuesta RETURN '(' expresion ')' ';' error ':' '(' condicion ')' ';' END  (66)
	cuerpo_func_error : sentencia_declarativa . error RETURN '(' expresion ')' ';' END  (67)
	cuerpo_func_error : sentencia_declarativa . BEGIN '(' expresion ')' ';' END  (68)
	cuerpo_func_error : sentencia_declarativa . BEGIN RETURN '(' expresion ')' ';' error END  (69)
	cuerpo_func_error : sentencia_declarativa . BEGIN RETURN error expresion ')' ';' END  (70)
	cuerpo_func_error : sentencia_declarativa . BEGIN RETURN '(' expresion error ';' END  (71)
	cuerpo_func_error : sentencia_declarativa . BEGIN RETURN '(' expresion ')' ';' error  (72)

	error  shift 187
	FUNC  shift 7
	BEGIN  shift 188
	ULONG  shift 10
	DOUBLE  shift 11
	.  error

	declaracion  goto 60
	declaracion_var  goto 20
	func  goto 21
	tipo  goto 22
	declaracion_func  goto 23


state 128
	func : declaracion_func parametro_func cuerpo_func .  (38)

	.  reduce 38


state 129
	cuerpo_func : cuerpo_func_error .  (50)

	.  reduce 50


state 130
	iteracion : inicio_while error cuerpo_while .  (146)

	.  reduce 146


state 131
	iteracion : inicio_while cond cuerpo_while . $$11  (144)
	$$11 : .  (143)

	.  reduce 143

	$$11  goto 189


state 132
	factor : ID '(' . parametro_inv ')'  (83)

	ID  shift 190
	CTE  shift 191
	'-'  shift 192
	.  error

	parametro_inv  goto 193


state 133
	factor : '-' CTE . $$6  (81)
	$$6 : .  (80)

	.  reduce 80

	$$6  goto 194


state 134
	factor : '-' ERROR .  (85)

	.  reduce 85


state 135
	expresion : expresion '+' . termino  (73)

	ID  shift 75
	CTE  shift 76
	ERROR  shift 77
	'-'  shift 78
	.  error

	termino  goto 195
	factor  goto 82


state 136
	expresion : expresion '-' . termino  (74)

	ID  shift 75
	CTE  shift 76
	ERROR  shift 77
	'-'  shift 78
	.  error

	termino  goto 196
	factor  goto 82


state 137
	operadores : "OR" .  (137)

	.  reduce 137


state 138
	operadores : "AND" .  (136)

	.  reduce 136


state 139
	operadores : '>' .  (130)

	.  reduce 130


state 140
	operadores : '<' .  (133)

	.  reduce 133


state 141
	operadores : "DISTINTO" .  (135)

	.  reduce 135


state 142
	operadores : "MAYOR_IGUAL" .  (131)

	.  reduce 131


state 143
	operadores : "MENOR_IGUAL" .  (132)

	.  reduce 132


state 144
	operadores : "IGUAL" .  (134)

	.  reduce 134


state 145
	cond : '(' condicion ')' .  (127)

	.  reduce 127


state 146
	condicion : condicion operadores . expresion  (128)

	ID  shift 75
	CTE  shift 76
	ERROR  shift 77
	'-'  shift 78
	.  error

	expresion  goto 197
	termino  goto 81
	factor  goto 82


state 147
	termino : termino '*' . factor  (76)

	ID  shift 75
	CTE  shift 76
	ERROR  shift 77
	'-'  shift 78
	.  error

	factor  goto 198


state 148
	termino : termino '/' . factor  (77)

	ID  shift 75
	CTE  shift 76
	ERROR  shift 77
	'-'  shift 78
	.  error

	factor  goto 199


state 149
	bloque_sentencias : error sentencia_compuesta END ';' .  (18)

	.  reduce 18


state 150
	lista_var : lista_var ',' ID .  (35)

	.  reduce 35


state 151
	cuerpo_while : error bloque_sentencias .  (149)

	.  reduce 149


state 152
	cuerpo_then : bloque_sentencias .  (125)

	.  reduce 125


state 153
	seleccion : error cond THEN cuerpo_if . ENDIF  (121)

	ENDIF  shift 200
	.  error


state 154
	cuerpo_if : cuerpo_then . ELSE cuerpo_else  (123)
	cuerpo_if : cuerpo_then .  (124)

	ELSE  shift 201
	error  reduce 124
	ENDIF  reduce 124


state 155
	cuerpo_while : DO bloque_sentencias .  (148)

	.  reduce 148


state 156
	sentencia_simple : ID ASIG error ';' .  (93)

	.  reduce 93


state 157
	sentencia_simple : ID ASIG expresion ';' . $$7  (92)
	$$7 : .  (91)

	.  reduce 91

	$$7  goto 202


state 158
	sentencia_simple : ID ERROR expresion ';' .  (94)

	.  reduce 94


state 159
	seleccion : IF error THEN cuerpo_if . ENDIF  (122)

	ENDIF  shift 203
	.  error


state 160
	seleccion : IF cond error cuerpo_if . ENDIF  (119)

	ENDIF  shift 204
	.  error


state 161
	seleccion : IF cond THEN cuerpo_if . ENDIF $$9  (118)
	seleccion : IF cond THEN cuerpo_if . error  (120)

	error  shift 205
	ENDIF  shift 206
	.  error


state 162
	print : PRINT error CADENA ')' .  (142)

	.  reduce 142


state 163
	print : PRINT '(' error ')' .  (141)

	.  reduce 141


state 164
	print : PRINT '(' CADENA error .  (140)

	.  reduce 140


state 165
	print : PRINT '(' CADENA ')' . $$10  (139)
	$$10 : .  (138)

	.  reduce 138

	$$10  goto 207


state 166
	bloque_sentencias : BEGIN sentencia_compuesta error ';' .  (19)

	.  reduce 19


state 167
	bloque_sentencias : BEGIN sentencia_compuesta END error .  (20)

	.  reduce 20


state 168
	bloque_sentencias : BEGIN sentencia_compuesta END ';' .  (17)

	.  reduce 17


state 169
	expresion : expresion . '+' termino  (73)
	expresion : expresion . '-' termino  (74)
	sentencia_try : ID error expresion . ';'  (108)

	'+'  shift 135
	'-'  shift 136
	';'  shift 208
	.  error


state 170
	expresion : expresion . '+' termino  (73)
	expresion : expresion . '-' termino  (74)
	sentencia_try : ID ASIG expresion . ';' $$8  (107)
	sentencia_try : ID ASIG expresion . error  (109)

	error  shift 209
	'+'  shift 135
	'-'  shift 136
	';'  shift 210
	.  error


state 171
	sentencia_compuesta_try : sentencia_try .  (105)

	.  reduce 105


state 172
	bloque_catch : error BEGIN sentencia_compuesta_try . END  (6)
	sentencia_compuesta_try : sentencia_compuesta_try . sentencia_try  (104)

	error  shift 42
	ID  shift 47
	IF  shift 5
	PRINT  shift 6
	END  shift 211
	BREAK  shift 48
	WHILE  shift 12
	.  error

	sentencia_try  goto 212
	seleccion  goto 50
	print  goto 51
	iteracion  goto 52
	inicio_while  goto 27


state 173
	bloque_catch : CATCH error sentencia_compuesta_try . END  (8)
	sentencia_compuesta_try : sentencia_compuesta_try . sentencia_try  (104)

	error  shift 42
	ID  shift 47
	IF  shift 5
	PRINT  shift 6
	END  shift 213
	BREAK  shift 48
	WHILE  shift 12
	.  error

	sentencia_try  goto 212
	seleccion  goto 50
	print  goto 51
	iteracion  goto 52
	inicio_while  goto 27


state 174
	bloque_catch : CATCH BEGIN sentencia_compuesta_try . END  (5)
	bloque_catch : CATCH BEGIN sentencia_compuesta_try . error  (7)
	sentencia_compuesta_try : sentencia_compuesta_try . sentencia_try  (104)

	error  shift 214
	ID  shift 47
	IF  shift 5
	PRINT  shift 6
	END  shift 215
	BREAK  shift 48
	WHILE  shift 12
	.  error

	sentencia_try  goto 212
	seleccion  goto 50
	print  goto 51
	iteracion  goto 52
	inicio_while  goto 27


state 175
	bloque_sentencias : sentencia_declarativa error END ';' .  (14)

	.  reduce 14


state 176
	bloque_sentencias : sentencia_declarativa error sentencia_compuesta END . ';'  (12)

	';'  shift 216
	.  error


state 177
	bloque_sentencias : sentencia_declarativa BEGIN error ';' .  (15)

	.  reduce 15


state 178
	bloque_sentencias : sentencia_declarativa BEGIN END error .  (16)

	.  reduce 16


state 179
	bloque_sentencias : sentencia_declarativa BEGIN END ';' .  (13)

	.  reduce 13


state 180
	bloque_sentencias : sentencia_declarativa BEGIN sentencia_compuesta error . ';'  (11)
	seleccion : error . cond THEN cuerpo_if ENDIF  (121)
	iteracion : error . cond cuerpo_while  (145)

	';'  shift 217
	'('  shift 30
	.  error

	cond  goto 34


state 181
	bloque_sentencias : sentencia_declarativa BEGIN sentencia_compuesta END . ';'  (9)
	bloque_sentencias : sentencia_declarativa BEGIN sentencia_compuesta END . error  (10)

	error  shift 218
	';'  shift 219
	.  error


state 182
	declaracion_func : tipo FUNC ID $$3 .  (40)

	.  reduce 40


state 183
	parametro : tipo ID .  (42)

	.  reduce 42


state 184
	parametro_func : '(' parametro ')' .  (41)

	.  reduce 41


state 185
	cuerpo_func_error : error sentencia_compuesta . RETURN '(' expresion ')' ';' END  (56)
	sentencia_compuesta : sentencia_compuesta . sentencia_simple  (89)

	error  shift 42
	ID  shift 4
	IF  shift 5
	PRINT  shift 6
	RETURN  shift 220
	BREAK  shift 9
	WHILE  shift 12
	TRY  shift 13
	.  error

	bloque_try  goto 15
	bloque_try_comienzo  goto 16
	sentencia_simple  goto 84
	seleccion  goto 24
	print  goto 25
	iteracion  goto 26
	inicio_while  goto 27


state 186
	cuerpo_func : BEGIN sentencia_compuesta . RETURN '(' expresion ')' ';' END  (44)
	cuerpo_func : BEGIN sentencia_compuesta . RETURN '(' expresion ')' ';' POST ':' '(' condicion ')' ';' END $$5  (49)
	cuerpo_func_error : BEGIN sentencia_compuesta . '(' expresion ')' ';' END  (57)
	cuerpo_func_error : BEGIN sentencia_compuesta . RETURN '(' expresion ')' ';' error END  (58)
	cuerpo_func_error : BEGIN sentencia_compuesta . RETURN error expresion ')' ';' END  (59)
	cuerpo_func_error : BEGIN sentencia_compuesta . RETURN '(' expresion error ';' END  (60)
	cuerpo_func_error : BEGIN sentencia_compuesta . RETURN '(' expresion ')' ';' error  (61)
	sentencia_compuesta : sentencia_compuesta . sentencia_simple  (89)

	error  shift 42
	ID  shift 4
	IF  shift 5
	PRINT  shift 6
	RETURN  shift 221
	BREAK  shift 9
	WHILE  shift 12
	TRY  shift 13
	'('  shift 222
	.  error

	bloque_try  goto 15
	bloque_try_comienzo  goto 16
	sentencia_simple  goto 84
	seleccion  goto 24
	print  goto 25
	iteracion  goto 26
	inicio_while  goto 27


state 187
	declaracion_var : error . lista_var  (32)
	cuerpo_func_error : sentencia_declarativa error . sentencia_compuesta RETURN '(' expresion ')' ';' END  (51)
	cuerpo_func_error : sentencia_declarativa error . sentencia_compuesta RETURN '(' expresion ')' ';' POST ':' '(' condicion ')' ';' END  (62)
	cuerpo_func_error : sentencia_declarativa error . RETURN '(' expresion ')' ';' END  (67)

	error  shift 28
	ID  shift 29
	IF  shift 5
	PRINT  shift 6
	RETURN  shift 223
	BREAK  shift 9
	WHILE  shift 12
	TRY  shift 13
	.  error

	bloque_try  goto 15
	bloque_try_comienzo  goto 16
	sentencia_compuesta  goto 224
	sentencia_simple  goto 32
	lista_var  goto 33
	seleccion  goto 24
	print  goto 25
	iteracion  goto 26
	inicio_while  goto 27


state 188
	cuerpo_func : sentencia_declarativa BEGIN . sentencia_compuesta RETURN '(' expresion ')' ';' END  (43)
	cuerpo_func : sentencia_declarativa BEGIN . RETURN '(' expresion ')' ';' END  (45)
	cuerpo_func : sentencia_declarativa BEGIN . sentencia_compuesta RETURN '(' expresion ')' ';' POST ':' '(' condicion ')' ';' END $$4  (47)
	cuerpo_func_error : sentencia_declarativa BEGIN . sentencia_compuesta RETURN '(' expresion ')' ';' error END  (52)
	cuerpo_func_error : sentencia_declarativa BEGIN . sentencia_compuesta RETURN error expresion ')' ';' END  (53)
	cuerpo_func_error : sentencia_declarativa BEGIN . sentencia_compuesta RETURN '(' expresion error ';' END  (54)
	cuerpo_func_error : sentencia_declarativa BEGIN . sentencia_compuesta RETURN '(' expresion ')' ';' error  (55)
	cuerpo_func_error : sentencia_declarativa BEGIN . sentencia_compuesta '(' expresion ')' ';' POST ':' '(' condicion ')' ';' END  (63)
	cuerpo_func_error : sentencia_declarativa BEGIN . sentencia_compuesta RETURN '(' expresion ')' error ';' POST ':' '(' condicion ')' ';' END  (64)
	cuerpo_func_error : sentencia_declarativa BEGIN . sentencia_compuesta RETURN '(' expresion ')' ';' POST ':' '(' condicion ')' ';' error  (65)
	cuerpo_func_error : sentencia_declarativa BEGIN . sentencia_compuesta RETURN '(' expresion ')' ';' error ':' '(' condicion ')' ';' END  (66)
	cuerpo_func_error : sentencia_declarativa BEGIN . '(' expresion ')' ';' END  (68)
	cuerpo_func_error : sentencia_declarativa BEGIN . RETURN '(' expresion ')' ';' error END  (69)
	cuerpo_func_error : sentencia_declarativa BEGIN . RETURN error expresion ')' ';' END  (70)
	cuerpo_func_error : sentencia_declarativa BEGIN . RETURN '(' expresion error ';' END  (71)
	cuerpo_func_error : sentencia_declarativa BEGIN . RETURN '(' expresion ')' ';' error  (72)

	error  shift 42
	ID  shift 4
	IF  shift 5
	PRINT  shift 6
	RETURN  shift 225
	BREAK  shift 9
	WHILE  shift 12
	TRY  shift 13
	'('  shift 226
	.  error

	bloque_try  goto 15
	bloque_try_comienzo  goto 16
	sentencia_compuesta  goto 227
	sentencia_simple  goto 32
	seleccion  goto 24
	print  goto 25
	iteracion  goto 26
	inicio_while  goto 27


state 189
	iteracion : inicio_while cond cuerpo_while $$11 .  (144)

	.  reduce 144


state 190
	parametro_inv : ID .  (86)

	.  reduce 86


state 191
	parametro_inv : CTE .  (88)

	.  reduce 88


state 192
	parametro_inv : '-' . CTE  (87)

	CTE  shift 228
	.  error


state 193
	factor : ID '(' parametro_inv . ')'  (83)

	')'  shift 229
	.  error


state 194
	factor : '-' CTE $$6 .  (81)

	.  reduce 81


state 195
	expresion : expresion '+' termino .  (73)
	termino : termino . '*' factor  (76)
	termino : termino . '/' factor  (77)

	'*'  shift 147
	'/'  shift 148
	error  reduce 73
	"OR"  reduce 73
	"AND"  reduce 73
	'>'  reduce 73
	'<'  reduce 73
	"DISTINTO"  reduce 73
	"MAYOR_IGUAL"  reduce 73
	"MENOR_IGUAL"  reduce 73
	"IGUAL"  reduce 73
	'+'  reduce 73
	'-'  reduce 73
	';'  reduce 73
	')'  reduce 73


state 196
	expresion : expresion '-' termino .  (74)
	termino : termino . '*' factor  (76)
	termino : termino . '/' factor  (77)

	'*'  shift 147
	'/'  shift 148
	error  reduce 74
	"OR"  reduce 74
	"AND"  reduce 74
	'>'  reduce 74
	'<'  reduce 74
	"DISTINTO"  reduce 74
	"MAYOR_IGUAL"  reduce 74
	"MENOR_IGUAL"  reduce 74
	"IGUAL"  reduce 74
	'+'  reduce 74
	'-'  reduce 74
	';'  reduce 74
	')'  reduce 74


state 197
	expresion : expresion . '+' termino  (73)
	expresion : expresion . '-' termino  (74)
	condicion : condicion operadores expresion .  (128)

	'+'  shift 135
	'-'  shift 136
	"OR"  reduce 128
	"AND"  reduce 128
	'>'  reduce 128
	'<'  reduce 128
	"DISTINTO"  reduce 128
	"MAYOR_IGUAL"  reduce 128
	"MENOR_IGUAL"  reduce 128
	"IGUAL"  reduce 128
	')'  reduce 128


state 198
	termino : termino '*' factor .  (76)

	.  reduce 76


state 199
	termino : termino '/' factor .  (77)

	.  reduce 77


state 200
	seleccion : error cond THEN cuerpo_if ENDIF .  (121)

	.  reduce 121


state 201
	cuerpo_if : cuerpo_then ELSE . cuerpo_else  (123)

	error  shift 3
	ID  shift 4
	IF  shift 5
	PRINT  shift 6
	FUNC  shift 7
	BEGIN  shift 8
	BREAK  shift 9
	ULONG  shift 10
	DOUBLE  shift 11
	WHILE  shift 12
	TRY  shift 13
	.  error

	bloque_sentencias  goto 230
	bloque_try  goto 15
	bloque_try_comienzo  goto 16
	sentencia_declarativa  goto 17
	sentencia_simple  goto 18
	declaracion  goto 19
	declaracion_var  goto 20
	func  goto 21
	tipo  goto 22
	declaracion_func  goto 23
	seleccion  goto 24
	print  goto 25
	iteracion  goto 26
	cuerpo_else  goto 231
	inicio_while  goto 27


state 202
	sentencia_simple : ID ASIG expresion ';' $$7 .  (92)

	.  reduce 92


state 203
	seleccion : IF error THEN cuerpo_if ENDIF .  (122)

	.  reduce 122


state 204
	seleccion : IF cond error cuerpo_if ENDIF .  (119)

	.  reduce 119


state 205
	seleccion : IF cond THEN cuerpo_if error .  (120)

	.  reduce 120


state 206
	seleccion : IF cond THEN cuerpo_if ENDIF . $$9  (118)
	$$9 : .  (117)

	.  reduce 117

	$$9  goto 232


state 207
	print : PRINT '(' CADENA ')' $$10 .  (139)

	.  reduce 139


state 208
	sentencia_try : ID error expresion ';' .  (108)

	.  reduce 108


state 209
	sentencia_try : ID ASIG expresion error .  (109)

	.  reduce 109


state 210
	sentencia_try : ID ASIG expresion ';' . $$8  (107)
	$$8 : .  (106)

	.  reduce 106

	$$8  goto 233


state 211
	bloque_catch : error BEGIN sentencia_compuesta_try END .  (6)

	.  reduce 6


state 212
	sentencia_compuesta_try : sentencia_compuesta_try sentencia_try .  (104)

	.  reduce 104


state 213
	bloque_catch : CATCH error sentencia_compuesta_try END .  (8)

	.  reduce 8


state 214
	bloque_catch : CATCH BEGIN sentencia_compuesta_try error .  (7)
	seleccion : error . cond THEN cuerpo_if ENDIF  (121)
	iteracion : error . cond cuerpo_while  (145)

	'('  shift 30
	error  reduce 7
	';'  reduce 7

	cond  goto 34


state 215
	bloque_catch : CATCH BEGIN sentencia_compuesta_try END .  (5)

	.  reduce 5


state 216
	bloque_sentencias : sentencia_declarativa error sentencia_compuesta END ';' .  (12)

	.  reduce 12


state 217
	bloque_sentencias : sentencia_declarativa BEGIN sentencia_compuesta error ';' .  (11)

	.  reduce 11


state 218
	bloque_sentencias : sentencia_declarativa BEGIN sentencia_compuesta END error .  (10)

	.  reduce 10


state 219
	bloque_sentencias : sentencia_declarativa BEGIN sentencia_compuesta END ';' .  (9)

	.  reduce 9


state 220
	cuerpo_func_error : error sentencia_compuesta RETURN . '(' expresion ')' ';' END  (56)

	'('  shift 234
	.  error


state 221
	cuerpo_func : BEGIN sentencia_compuesta RETURN . '(' expresion ')' ';' END  (44)
	cuerpo_func : BEGIN sentencia_compuesta RETURN . '(' expresion ')' ';' POST ':' '(' condicion ')' ';' END $$5  (49)
	cuerpo_func_error : BEGIN sentencia_compuesta RETURN . '(' expresion ')' ';' error END  (58)
	cuerpo_func_error : BEGIN sentencia_compuesta RETURN . error expresion ')' ';' END  (59)
	cuerpo_func_error : BEGIN sentencia_compuesta RETURN . '(' expresion error ';' END  (60)
	cuerpo_func_error : BEGIN sentencia_compuesta RETURN . '(' expresion ')' ';' error  (61)

	error  shift 235
	'('  shift 236
	.  error


state 222
	cuerpo_func_error : BEGIN sentencia_compuesta '(' . expresion ')' ';' END  (57)

	ID  shift 75
	CTE  shift 76
	ERROR  shift 77
	'-'  shift 78
	.  error

	expresion  goto 237
	termino  goto 81
	factor  goto 82


state 223
	cuerpo_func_error : sentencia_declarativa error RETURN . '(' expresion ')' ';' END  (67)

	'('  shift 238
	.  error


state 224
	cuerpo_func_error : sentencia_declarativa error sentencia_compuesta . RETURN '(' expresion ')' ';' END  (51)
	cuerpo_func_error : sentencia_declarativa error sentencia_compuesta . RETURN '(' expresion ')' ';' POST ':' '(' condicion ')' ';' END  (62)
	sentencia_compuesta : sentencia_compuesta . sentencia_simple  (89)

	error  shift 42
	ID  shift 4
	IF  shift 5
	PRINT  shift 6
	RETURN  shift 239
	BREAK  shift 9
	WHILE  shift 12
	TRY  shift 13
	.  error

	bloque_try  goto 15
	bloque_try_comienzo  goto 16
	sentencia_simple  goto 84
	seleccion  goto 24
	print  goto 25
	iteracion  goto 26
	inicio_while  goto 27


state 225
	cuerpo_func : sentencia_declarativa BEGIN RETURN . '(' expresion ')' ';' END  (45)
	cuerpo_func_error : sentencia_declarativa BEGIN RETURN . '(' expresion ')' ';' error END  (69)
	cuerpo_func_error : sentencia_declarativa BEGIN RETURN . error expresion ')' ';' END  (70)
	cuerpo_func_error : sentencia_declarativa BEGIN RETURN . '(' expresion error ';' END  (71)
	cuerpo_func_error : sentencia_declarativa BEGIN RETURN . '(' expresion ')' ';' error  (72)

	error  shift 240
	'('  shift 241
	.  error


state 226
	cuerpo_func_error : sentencia_declarativa BEGIN '(' . expresion ')' ';' END  (68)

	ID  shift 75
	CTE  shift 76
	ERROR  shift 77
	'-'  shift 78
	.  error

	expresion  goto 242
	termino  goto 81
	factor  goto 82


state 227
	cuerpo_func : sentencia_declarativa BEGIN sentencia_compuesta . RETURN '(' expresion ')' ';' END  (43)
	cuerpo_func : sentencia_declarativa BEGIN sentencia_compuesta . RETURN '(' expresion ')' ';' POST ':' '(' condicion ')' ';' END $$4  (47)
	cuerpo_func_error : sentencia_declarativa BEGIN sentencia_compuesta . RETURN '(' expresion ')' ';' error END  (52)
	cuerpo_func_error : sentencia_declarativa BEGIN sentencia_compuesta . RETURN error expresion ')' ';' END  (53)
	cuerpo_func_error : sentencia_declarativa BEGIN sentencia_compuesta . RETURN '(' expresion error ';' END  (54)
	cuerpo_func_error : sentencia_declarativa BEGIN sentencia_compuesta . RETURN '(' expresion ')' ';' error  (55)
	cuerpo_func_error : sentencia_declarativa BEGIN sentencia_compuesta . '(' expresion ')' ';' POST ':' '(' condicion ')' ';' END  (63)
	cuerpo_func_error : sentencia_declarativa BEGIN sentencia_compuesta . RETURN '(' expresion ')' error ';' POST ':' '(' condicion ')' ';' END  (64)
	cuerpo_func_error : sentencia_declarativa BEGIN sentencia_compuesta . RETURN '(' expresion ')' ';' POST ':' '(' condicion ')' ';' error  (65)
	cuerpo_func_error : sentencia_declarativa BEGIN sentencia_compuesta . RETURN '(' expresion ')' ';' error ':' '(' condicion ')' ';' END  (66)
	sentencia_compuesta : sentencia_compuesta . sentencia_simple  (89)

	error  shift 42
	ID  shift 4
	IF  shift 5
	PRINT  shift 6
	RETURN  shift 243
	BREAK  shift 9
	WHILE  shift 12
	TRY  shift 13
	'('  shift 244
	.  error

	bloque_try  goto 15
	bloque_try_comienzo  goto 16
	sentencia_simple  goto 84
	seleccion  goto 24
	print  goto 25
	iteracion  goto 26
	inicio_while  goto 27


state 228
	parametro_inv : '-' CTE .  (87)

	.  reduce 87


state 229
	factor : ID '(' parametro_inv ')' .  (83)

	.  reduce 83


state 230
	cuerpo_else : bloque_sentencias .  (126)

	.  reduce 126


state 231
	cuerpo_if : cuerpo_then ELSE cuerpo_else .  (123)

	.  reduce 123


state 232
	seleccion : IF cond THEN cuerpo_if ENDIF $$9 .  (118)

	.  reduce 118


state 233
	sentencia_try : ID ASIG expresion ';' $$8 .  (107)

	.  reduce 107


state 234
	cuerpo_func_error : error sentencia_compuesta RETURN '(' . expresion ')' ';' END  (56)

	ID  shift 75
	CTE  shift 76
	ERROR  shift 77
	'-'  shift 78
	.  error

	expresion  goto 245
	termino  goto 81
	factor  goto 82


state 235
	cuerpo_func_error : BEGIN sentencia_compuesta RETURN error . expresion ')' ';' END  (59)

	ID  shift 75
	CTE  shift 76
	ERROR  shift 77
	'-'  shift 78
	.  error

	expresion  goto 246
	termino  goto 81
	factor  goto 82


state 236
	cuerpo_func : BEGIN sentencia_compuesta RETURN '(' . expresion ')' ';' END  (44)
	cuerpo_func : BEGIN sentencia_compuesta RETURN '(' . expresion ')' ';' POST ':' '(' condicion ')' ';' END $$5  (49)
	cuerpo_func_error : BEGIN sentencia_compuesta RETURN '(' . expresion ')' ';' error END  (58)
	cuerpo_func_error : BEGIN sentencia_compuesta RETURN '(' . expresion error ';' END  (60)
	cuerpo_func_error : BEGIN sentencia_compuesta RETURN '(' . expresion ')' ';' error  (61)

	ID  shift 75
	CTE  shift 76
	ERROR  shift 77
	'-'  shift 78
	.  error

	expresion  goto 247
	termino  goto 81
	factor  goto 82


state 237
	cuerpo_func_error : BEGIN sentencia_compuesta '(' expresion . ')' ';' END  (57)
	expresion : expresion . '+' termino  (73)
	expresion : expresion . '-' termino  (74)

	'+'  shift 135
	'-'  shift 136
	')'  shift 248
	.  error


state 238
	cuerpo_func_error : sentencia_declarativa error RETURN '(' . expresion ')' ';' END  (67)

	ID  shift 75
	CTE  shift 76
	ERROR  shift 77
	'-'  shift 78
	.  error

	expresion  goto 249
	termino  goto 81
	factor  goto 82


state 239
	cuerpo_func_error : sentencia_declarativa error sentencia_compuesta RETURN . '(' expresion ')' ';' END  (51)
	cuerpo_func_error : sentencia_declarativa error sentencia_compuesta RETURN . '(' expresion ')' ';' POST ':' '(' condicion ')' ';' END  (62)

	'('  shift 250
	.  error


state 240
	cuerpo_func_error : sentencia_declarativa BEGIN RETURN error . expresion ')' ';' END  (70)

	ID  shift 75
	CTE  shift 76
	ERROR  shift 77
	'-'  shift 78
	.  error

	expresion  goto 251
	termino  goto 81
	factor  goto 82


state 241
	cuerpo_func : sentencia_declarativa BEGIN RETURN '(' . expresion ')' ';' END  (45)
	cuerpo_func_error : sentencia_declarativa BEGIN RETURN '(' . expresion ')' ';' error END  (69)
	cuerpo_func_error : sentencia_declarativa BEGIN RETURN '(' . expresion error ';' END  (71)
	cuerpo_func_error : sentencia_declarativa BEGIN RETURN '(' . expresion ')' ';' error  (72)

	ID  shift 75
	CTE  shift 76
	ERROR  shift 77
	'-'  shift 78
	.  error

	expresion  goto 252
	termino  goto 81
	factor  goto 82


state 242
	cuerpo_func_error : sentencia_declarativa BEGIN '(' expresion . ')' ';' END  (68)
	expresion : expresion . '+' termino  (73)
	expresion : expresion . '-' termino  (74)

	'+'  shift 135
	'-'  shift 136
	')'  shift 253
	.  error


state 243
	cuerpo_func : sentencia_declarativa BEGIN sentencia_compuesta RETURN . '(' expresion ')' ';' END  (43)
	cuerpo_func : sentencia_declarativa BEGIN sentencia_compuesta RETURN . '(' expresion ')' ';' POST ':' '(' condicion ')' ';' END $$4  (47)
	cuerpo_func_error : sentencia_declarativa BEGIN sentencia_compuesta RETURN . '(' expresion ')' ';' error END  (52)
	cuerpo_func_error : sentencia_declarativa BEGIN sentencia_compuesta RETURN . error expresion ')' ';' END  (53)
	cuerpo_func_error : sentencia_declarativa BEGIN sentencia_compuesta RETURN . '(' expresion error ';' END  (54)
	cuerpo_func_error : sentencia_declarativa BEGIN sentencia_compuesta RETURN . '(' expresion ')' ';' error  (55)
	cuerpo_func_error : sentencia_declarativa BEGIN sentencia_compuesta RETURN . '(' expresion ')' error ';' POST ':' '(' condicion ')' ';' END  (64)
	cuerpo_func_error : sentencia_declarativa BEGIN sentencia_compuesta RETURN . '(' expresion ')' ';' POST ':' '(' condicion ')' ';' error  (65)
	cuerpo_func_error : sentencia_declarativa BEGIN sentencia_compuesta RETURN . '(' expresion ')' ';' error ':' '(' condicion ')' ';' END  (66)

	error  shift 254
	'('  shift 255
	.  error


state 244
	cuerpo_func_error : sentencia_declarativa BEGIN sentencia_compuesta '(' . expresion ')' ';' POST ':' '(' condicion ')' ';' END  (63)

	ID  shift 75
	CTE  shift 76
	ERROR  shift 77
	'-'  shift 78
	.  error

	expresion  goto 256
	termino  goto 81
	factor  goto 82


state 245
	cuerpo_func_error : error sentencia_compuesta RETURN '(' expresion . ')' ';' END  (56)
	expresion : expresion . '+' termino  (73)
	expresion : expresion . '-' termino  (74)

	'+'  shift 135
	'-'  shift 136
	')'  shift 257
	.  error


state 246
	cuerpo_func_error : BEGIN sentencia_compuesta RETURN error expresion . ')' ';' END  (59)
	expresion : expresion . '+' termino  (73)
	expresion : expresion . '-' termino  (74)

	'+'  shift 135
	'-'  shift 136
	')'  shift 258
	.  error


state 247
	cuerpo_func : BEGIN sentencia_compuesta RETURN '(' expresion . ')' ';' END  (44)
	cuerpo_func : BEGIN sentencia_compuesta RETURN '(' expresion . ')' ';' POST ':' '(' condicion ')' ';' END $$5  (49)
	cuerpo_func_error : BEGIN sentencia_compuesta RETURN '(' expresion . ')' ';' error END  (58)
	cuerpo_func_error : BEGIN sentencia_compuesta RETURN '(' expresion . error ';' END  (60)
	cuerpo_func_error : BEGIN sentencia_compuesta RETURN '(' expresion . ')' ';' error  (61)
	expresion : expresion . '+' termino  (73)
	expresion : expresion . '-' termino  (74)

	error  shift 259
	'+'  shift 135
	'-'  shift 136
	')'  shift 260
	.  error


state 248
	cuerpo_func_error : BEGIN sentencia_compuesta '(' expresion ')' . ';' END  (57)

	';'  shift 261
	.  error


state 249
	cuerpo_func_error : sentencia_declarativa error RETURN '(' expresion . ')' ';' END  (67)
	expresion : expresion . '+' termino  (73)
	expresion : expresion . '-' termino  (74)

	'+'  shift 135
	'-'  shift 136
	')'  shift 262
	.  error


state 250
	cuerpo_func_error : sentencia_declarativa error sentencia_compuesta RETURN '(' . expresion ')' ';' END  (51)
	cuerpo_func_error : sentencia_declarativa error sentencia_compuesta RETURN '(' . expresion ')' ';' POST ':' '(' condicion ')' ';' END  (62)

	ID  shift 75
	CTE  shift 76
	ERROR  shift 77
	'-'  shift 78
	.  error

	expresion  goto 263
	termino  goto 81
	factor  goto 82


state 251
	cuerpo_func_error : sentencia_declarativa BEGIN RETURN error expresion . ')' ';' END  (70)
	expresion : expresion . '+' termino  (73)
	expresion : expresion . '-' termino  (74)

	'+'  shift 135
	'-'  shift 136
	')'  shift 264
	.  error


state 252
	cuerpo_func : sentencia_declarativa BEGIN RETURN '(' expresion . ')' ';' END  (45)
	cuerpo_func_error : sentencia_declarativa BEGIN RETURN '(' expresion . ')' ';' error END  (69)
	cuerpo_func_error : sentencia_declarativa BEGIN RETURN '(' expresion . error ';' END  (71)
	cuerpo_func_error : sentencia_declarativa BEGIN RETURN '(' expresion . ')' ';' error  (72)
	expresion : expresion . '+' termino  (73)
	expresion : expresion . '-' termino  (74)

	error  shift 265
	'+'  shift 135
	'-'  shift 136
	')'  shift 266
	.  error


state 253
	cuerpo_func_error : sentencia_declarativa BEGIN '(' expresion ')' . ';' END  (68)

	';'  shift 267
	.  error


state 254
	cuerpo_func_error : sentencia_declarativa BEGIN sentencia_compuesta RETURN error . expresion ')' ';' END  (53)

	ID  shift 75
	CTE  shift 76
	ERROR  shift 77
	'-'  shift 78
	.  error

	expresion  goto 268
	termino  goto 81
	factor  goto 82


state 255
	cuerpo_func : sentencia_declarativa BEGIN sentencia_compuesta RETURN '(' . expresion ')' ';' END  (43)
	cuerpo_func : sentencia_declarativa BEGIN sentencia_compuesta RETURN '(' . expresion ')' ';' POST ':' '(' condicion ')' ';' END $$4  (47)
	cuerpo_func_error : sentencia_declarativa BEGIN sentencia_compuesta RETURN '(' . expresion ')' ';' error END  (52)
	cuerpo_func_error : sentencia_declarativa BEGIN sentencia_compuesta RETURN '(' . expresion error ';' END  (54)
	cuerpo_func_error : sentencia_declarativa BEGIN sentencia_compuesta RETURN '(' . expresion ')' ';' error  (55)
	cuerpo_func_error : sentencia_declarativa BEGIN sentencia_compuesta RETURN '(' . expresion ')' error ';' POST ':' '(' condicion ')' ';' END  (64)
	cuerpo_func_error : sentencia_declarativa BEGIN sentencia_compuesta RETURN '(' . expresion ')' ';' POST ':' '(' condicion ')' ';' error  (65)
	cuerpo_func_error : sentencia_declarativa BEGIN sentencia_compuesta RETURN '(' . expresion ')' ';' error ':' '(' condicion ')' ';' END  (66)

	ID  shift 75
	CTE  shift 76
	ERROR  shift 77
	'-'  shift 78
	.  error

	expresion  goto 269
	termino  goto 81
	factor  goto 82


state 256
	cuerpo_func_error : sentencia_declarativa BEGIN sentencia_compuesta '(' expresion . ')' ';' POST ':' '(' condicion ')' ';' END  (63)
	expresion : expresion . '+' termino  (73)
	expresion : expresion . '-' termino  (74)

	'+'  shift 135
	'-'  shift 136
	')'  shift 270
	.  error


state 257
	cuerpo_func_error : error sentencia_compuesta RETURN '(' expresion ')' . ';' END  (56)

	';'  shift 271
	.  error


state 258
	cuerpo_func_error : BEGIN sentencia_compuesta RETURN error expresion ')' . ';' END  (59)

	';'  shift 272
	.  error


state 259
	cuerpo_func_error : BEGIN sentencia_compuesta RETURN '(' expresion error . ';' END  (60)

	';'  shift 273
	.  error


state 260
	cuerpo_func : BEGIN sentencia_compuesta RETURN '(' expresion ')' . ';' END  (44)
	cuerpo_func : BEGIN sentencia_compuesta RETURN '(' expresion ')' . ';' POST ':' '(' condicion ')' ';' END $$5  (49)
	cuerpo_func_error : BEGIN sentencia_compuesta RETURN '(' expresion ')' . ';' error END  (58)
	cuerpo_func_error : BEGIN sentencia_compuesta RETURN '(' expresion ')' . ';' error  (61)

	';'  shift 274
	.  error


state 261
	cuerpo_func_error : BEGIN sentencia_compuesta '(' expresion ')' ';' . END  (57)

	END  shift 275
	.  error


state 262
	cuerpo_func_error : sentencia_declarativa error RETURN '(' expresion ')' . ';' END  (67)

	';'  shift 276
	.  error


state 263
	cuerpo_func_error : sentencia_declarativa error sentencia_compuesta RETURN '(' expresion . ')' ';' END  (51)
	cuerpo_func_error : sentencia_declarativa error sentencia_compuesta RETURN '(' expresion . ')' ';' POST ':' '(' condicion ')' ';' END  (62)
	expresion : expresion . '+' termino  (73)
	expresion : expresion . '-' termino  (74)

	'+'  shift 135
	'-'  shift 136
	')'  shift 277
	.  error


state 264
	cuerpo_func_error : sentencia_declarativa BEGIN RETURN error expresion ')' . ';' END  (70)

	';'  shift 278
	.  error


state 265
	cuerpo_func_error : sentencia_declarativa BEGIN RETURN '(' expresion error . ';' END  (71)

	';'  shift 279
	.  error


state 266
	cuerpo_func : sentencia_declarativa BEGIN RETURN '(' expresion ')' . ';' END  (45)
	cuerpo_func_error : sentencia_declarativa BEGIN RETURN '(' expresion ')' . ';' error END  (69)
	cuerpo_func_error : sentencia_declarativa BEGIN RETURN '(' expresion ')' . ';' error  (72)

	';'  shift 280
	.  error


state 267
	cuerpo_func_error : sentencia_declarativa BEGIN '(' expresion ')' ';' . END  (68)

	END  shift 281
	.  error


state 268
	cuerpo_func_error : sentencia_declarativa BEGIN sentencia_compuesta RETURN error expresion . ')' ';' END  (53)
	expresion : expresion . '+' termino  (73)
	expresion : expresion . '-' termino  (74)

	'+'  shift 135
	'-'  shift 136
	')'  shift 282
	.  error


state 269
	cuerpo_func : sentencia_declarativa BEGIN sentencia_compuesta RETURN '(' expresion . ')' ';' END  (43)
	cuerpo_func : sentencia_declarativa BEGIN sentencia_compuesta RETURN '(' expresion . ')' ';' POST ':' '(' condicion ')' ';' END $$4  (47)
	cuerpo_func_error : sentencia_declarativa BEGIN sentencia_compuesta RETURN '(' expresion . ')' ';' error END  (52)
	cuerpo_func_error : sentencia_declarativa BEGIN sentencia_compuesta RETURN '(' expresion . error ';' END  (54)
	cuerpo_func_error : sentencia_declarativa BEGIN sentencia_compuesta RETURN '(' expresion . ')' ';' error  (55)
	cuerpo_func_error : sentencia_declarativa BEGIN sentencia_compuesta RETURN '(' expresion . ')' error ';' POST ':' '(' condicion ')' ';' END  (64)
	cuerpo_func_error : sentencia_declarativa BEGIN sentencia_compuesta RETURN '(' expresion . ')' ';' POST ':' '(' condicion ')' ';' error  (65)
	cuerpo_func_error : sentencia_declarativa BEGIN sentencia_compuesta RETURN '(' expresion . ')' ';' error ':' '(' condicion ')' ';' END  (66)
	expresion : expresion . '+' termino  (73)
	expresion : expresion . '-' termino  (74)

	error  shift 283
	'+'  shift 135
	'-'  shift 136
	')'  shift 284
	.  error


state 270
	cuerpo_func_error : sentencia_declarativa BEGIN sentencia_compuesta '(' expresion ')' . ';' POST ':' '(' condicion ')' ';' END  (63)

	';'  shift 285
	.  error


state 271
	cuerpo_func_error : error sentencia_compuesta RETURN '(' expresion ')' ';' . END  (56)

	END  shift 286
	.  error


state 272
	cuerpo_func_error : BEGIN sentencia_compuesta RETURN error expresion ')' ';' . END  (59)

	END  shift 287
	.  error


state 273
	cuerpo_func_error : BEGIN sentencia_compuesta RETURN '(' expresion error ';' . END  (60)

	END  shift 288
	.  error


state 274
	cuerpo_func : BEGIN sentencia_compuesta RETURN '(' expresion ')' ';' . END  (44)
	cuerpo_func : BEGIN sentencia_compuesta RETURN '(' expresion ')' ';' . POST ':' '(' condicion ')' ';' END $$5  (49)
	cuerpo_func_error : BEGIN sentencia_compuesta RETURN '(' expresion ')' ';' . error END  (58)
	cuerpo_func_error : BEGIN sentencia_compuesta RETURN '(' expresion ')' ';' . error  (61)

	error  shift 289
	END  shift 290
	POST  shift 291
	.  error


state 275
	cuerpo_func_error : BEGIN sentencia_compuesta '(' expresion ')' ';' END .  (57)

	.  reduce 57


state 276
	cuerpo_func_error : sentencia_declarativa error RETURN '(' expresion ')' ';' . END  (67)

	END  shift 292
	.  error


state 277
	cuerpo_func_error : sentencia_declarativa error sentencia_compuesta RETURN '(' expresion ')' . ';' END  (51)
	cuerpo_func_error : sentencia_declarativa error sentencia_compuesta RETURN '(' expresion ')' . ';' POST ':' '(' condicion ')' ';' END  (62)

	';'  shift 293
	.  error


state 278
	cuerpo_func_error : sentencia_declarativa BEGIN RETURN error expresion ')' ';' . END  (70)

	END  shift 294
	.  error


state 279
	cuerpo_func_error : sentencia_declarativa BEGIN RETURN '(' expresion error ';' . END  (71)

	END  shift 295
	.  error


state 280
	cuerpo_func : sentencia_declarativa BEGIN RETURN '(' expresion ')' ';' . END  (45)
	cuerpo_func_error : sentencia_declarativa BEGIN RETURN '(' expresion ')' ';' . error END  (69)
	cuerpo_func_error : sentencia_declarativa BEGIN RETURN '(' expresion ')' ';' . error  (72)

	error  shift 296
	END  shift 297
	.  error


state 281
	cuerpo_func_error : sentencia_declarativa BEGIN '(' expresion ')' ';' END .  (68)

	.  reduce 68


state 282
	cuerpo_func_error : sentencia_declarativa BEGIN sentencia_compuesta RETURN error expresion ')' . ';' END  (53)

	';'  shift 298
	.  error


state 283
	cuerpo_func_error : sentencia_declarativa BEGIN sentencia_compuesta RETURN '(' expresion error . ';' END  (54)

	';'  shift 299
	.  error


state 284
	cuerpo_func : sentencia_declarativa BEGIN sentencia_compuesta RETURN '(' expresion ')' . ';' END  (43)
	cuerpo_func : sentencia_declarativa BEGIN sentencia_compuesta RETURN '(' expresion ')' . ';' POST ':' '(' condicion ')' ';' END $$4  (47)
	cuerpo_func_error : sentencia_declarativa BEGIN sentencia_compuesta RETURN '(' expresion ')' . ';' error END  (52)
	cuerpo_func_error : sentencia_declarativa BEGIN sentencia_compuesta RETURN '(' expresion ')' . ';' error  (55)
	cuerpo_func_error : sentencia_declarativa BEGIN sentencia_compuesta RETURN '(' expresion ')' . error ';' POST ':' '(' condicion ')' ';' END  (64)
	cuerpo_func_error : sentencia_declarativa BEGIN sentencia_compuesta RETURN '(' expresion ')' . ';' POST ':' '(' condicion ')' ';' error  (65)
	cuerpo_func_error : sentencia_declarativa BEGIN sentencia_compuesta RETURN '(' expresion ')' . ';' error ':' '(' condicion ')' ';' END  (66)

	error  shift 300
	';'  shift 301
	.  error


state 285
	cuerpo_func_error : sentencia_declarativa BEGIN sentencia_compuesta '(' expresion ')' ';' . POST ':' '(' condicion ')' ';' END  (63)

	POST  shift 302
	.  error


state 286
	cuerpo_func_error : error sentencia_compuesta RETURN '(' expresion ')' ';' END .  (56)

	.  reduce 56


state 287
	cuerpo_func_error : BEGIN sentencia_compuesta RETURN error expresion ')' ';' END .  (59)

	.  reduce 59


state 288
	cuerpo_func_error : BEGIN sentencia_compuesta RETURN '(' expresion error ';' END .  (60)

	.  reduce 60


state 289
	cuerpo_func_error : BEGIN sentencia_compuesta RETURN '(' expresion ')' ';' error . END  (58)
	cuerpo_func_error : BEGIN sentencia_compuesta RETURN '(' expresion ')' ';' error .  (61)

	END  shift 303
	error  reduce 61
	';'  reduce 61


state 290
	cuerpo_func : BEGIN sentencia_compuesta RETURN '(' expresion ')' ';' END .  (44)

	.  reduce 44


state 291
	cuerpo_func : BEGIN sentencia_compuesta RETURN '(' expresion ')' ';' POST . ':' '(' condicion ')' ';' END $$5  (49)

	':'  shift 304
	.  error


state 292
	cuerpo_func_error : sentencia_declarativa error RETURN '(' expresion ')' ';' END .  (67)

	.  reduce 67


state 293
	cuerpo_func_error : sentencia_declarativa error sentencia_compuesta RETURN '(' expresion ')' ';' . END  (51)
	cuerpo_func_error : sentencia_declarativa error sentencia_compuesta RETURN '(' expresion ')' ';' . POST ':' '(' condicion ')' ';' END  (62)

	END  shift 305
	POST  shift 306
	.  error


state 294
	cuerpo_func_error : sentencia_declarativa BEGIN RETURN error expresion ')' ';' END .  (70)

	.  reduce 70


state 295
	cuerpo_func_error : sentencia_declarativa BEGIN RETURN '(' expresion error ';' END .  (71)

	.  reduce 71


state 296
	cuerpo_func_error : sentencia_declarativa BEGIN RETURN '(' expresion ')' ';' error . END  (69)
	cuerpo_func_error : sentencia_declarativa BEGIN RETURN '(' expresion ')' ';' error .  (72)

	END  shift 307
	error  reduce 72
	';'  reduce 72


state 297
	cuerpo_func : sentencia_declarativa BEGIN RETURN '(' expresion ')' ';' END .  (45)

	.  reduce 45


state 298
	cuerpo_func_error : sentencia_declarativa BEGIN sentencia_compuesta RETURN error expresion ')' ';' . END  (53)

	END  shift 308
	.  error


state 299
	cuerpo_func_error : sentencia_declarativa BEGIN sentencia_compuesta RETURN '(' expresion error ';' . END  (54)

	END  shift 309
	.  error


state 300
	cuerpo_func_error : sentencia_declarativa BEGIN sentencia_compuesta RETURN '(' expresion ')' error . ';' POST ':' '(' condicion ')' ';' END  (64)

	';'  shift 310
	.  error


state 301
	cuerpo_func : sentencia_declarativa BEGIN sentencia_compuesta RETURN '(' expresion ')' ';' . END  (43)
	cuerpo_func : sentencia_declarativa BEGIN sentencia_compuesta RETURN '(' expresion ')' ';' . POST ':' '(' condicion ')' ';' END $$4  (47)
	cuerpo_func_error : sentencia_declarativa BEGIN sentencia_compuesta RETURN '(' expresion ')' ';' . error END  (52)
	cuerpo_func_error : sentencia_declarativa BEGIN sentencia_compuesta RETURN '(' expresion ')' ';' . error  (55)
	cuerpo_func_error : sentencia_declarativa BEGIN sentencia_compuesta RETURN '(' expresion ')' ';' . POST ':' '(' condicion ')' ';' error  (65)
	cuerpo_func_error : sentencia_declarativa BEGIN sentencia_compuesta RETURN '(' expresion ')' ';' . error ':' '(' condicion ')' ';' END  (66)

	error  shift 311
	END  shift 312
	POST  shift 313
	.  error


state 302
	cuerpo_func_error : sentencia_declarativa BEGIN sentencia_compuesta '(' expresion ')' ';' POST . ':' '(' condicion ')' ';' END  (63)

	':'  shift 314
	.  error


state 303
	cuerpo_func_error : BEGIN sentencia_compuesta RETURN '(' expresion ')' ';' error END .  (58)

	.  reduce 58


state 304
	cuerpo_func : BEGIN sentencia_compuesta RETURN '(' expresion ')' ';' POST ':' . '(' condicion ')' ';' END $$5  (49)

	'('  shift 315
	.  error


state 305
	cuerpo_func_error : sentencia_declarativa error sentencia_compuesta RETURN '(' expresion ')' ';' END .  (51)

	.  reduce 51


state 306
	cuerpo_func_error : sentencia_declarativa error sentencia_compuesta RETURN '(' expresion ')' ';' POST . ':' '(' condicion ')' ';' END  (62)

	':'  shift 316
	.  error


state 307
	cuerpo_func_error : sentencia_declarativa BEGIN RETURN '(' expresion ')' ';' error END .  (69)

	.  reduce 69


state 308
	cuerpo_func_error : sentencia_declarativa BEGIN sentencia_compuesta RETURN error expresion ')' ';' END .  (53)

	.  reduce 53


state 309
	cuerpo_func_error : sentencia_declarativa BEGIN sentencia_compuesta RETURN '(' expresion error ';' END .  (54)

	.  reduce 54


state 310
	cuerpo_func_error : sentencia_declarativa BEGIN sentencia_compuesta RETURN '(' expresion ')' error ';' . POST ':' '(' condicion ')' ';' END  (64)

	POST  shift 317
	.  error


state 311
	cuerpo_func_error : sentencia_declarativa BEGIN sentencia_compuesta RETURN '(' expresion ')' ';' error . END  (52)
	cuerpo_func_error : sentencia_declarativa BEGIN sentencia_compuesta RETURN '(' expresion ')' ';' error .  (55)
	cuerpo_func_error : sentencia_declarativa BEGIN sentencia_compuesta RETURN '(' expresion ')' ';' error . ':' '(' condicion ')' ';' END  (66)

	END  shift 318
	':'  shift 319
	error  reduce 55
	';'  reduce 55


state 312
	cuerpo_func : sentencia_declarativa BEGIN sentencia_compuesta RETURN '(' expresion ')' ';' END .  (43)

	.  reduce 43


state 313
	cuerpo_func : sentencia_declarativa BEGIN sentencia_compuesta RETURN '(' expresion ')' ';' POST . ':' '(' condicion ')' ';' END $$4  (47)
	cuerpo_func_error : sentencia_declarativa BEGIN sentencia_compuesta RETURN '(' expresion ')' ';' POST . ':' '(' condicion ')' ';' error  (65)

	':'  shift 320
	.  error


state 314
	cuerpo_func_error : sentencia_declarativa BEGIN sentencia_compuesta '(' expresion ')' ';' POST ':' . '(' condicion ')' ';' END  (63)

	'('  shift 321
	.  error


state 315
	cuerpo_func : BEGIN sentencia_compuesta RETURN '(' expresion ')' ';' POST ':' '(' . condicion ')' ';' END $$5  (49)

	ID  shift 75
	CTE  shift 76
	ERROR  shift 77
	'-'  shift 78
	.  error

	expresion  goto 79
	condicion  goto 322
	termino  goto 81
	factor  goto 82


state 316
	cuerpo_func_error : sentencia_declarativa error sentencia_compuesta RETURN '(' expresion ')' ';' POST ':' . '(' condicion ')' ';' END  (62)

	'('  shift 323
	.  error


state 317
	cuerpo_func_error : sentencia_declarativa BEGIN sentencia_compuesta RETURN '(' expresion ')' error ';' POST . ':' '(' condicion ')' ';' END  (64)

	':'  shift 324
	.  error


state 318
	cuerpo_func_error : sentencia_declarativa BEGIN sentencia_compuesta RETURN '(' expresion ')' ';' error END .  (52)

	.  reduce 52


state 319
	cuerpo_func_error : sentencia_declarativa BEGIN sentencia_compuesta RETURN '(' expresion ')' ';' error ':' . '(' condicion ')' ';' END  (66)

	'('  shift 325
	.  error


state 320
	cuerpo_func : sentencia_declarativa BEGIN sentencia_compuesta RETURN '(' expresion ')' ';' POST ':' . '(' condicion ')' ';' END $$4  (47)
	cuerpo_func_error : sentencia_declarativa BEGIN sentencia_compuesta RETURN '(' expresion ')' ';' POST ':' . '(' condicion ')' ';' error  (65)

	'('  shift 326
	.  error


state 321
	cuerpo_func_error : sentencia_declarativa BEGIN sentencia_compuesta '(' expresion ')' ';' POST ':' '(' . condicion ')' ';' END  (63)

	ID  shift 75
	CTE  shift 76
	ERROR  shift 77
	'-'  shift 78
	.  error

	expresion  goto 79
	condicion  goto 327
	termino  goto 81
	factor  goto 82


state 322
	cuerpo_func : BEGIN sentencia_compuesta RETURN '(' expresion ')' ';' POST ':' '(' condicion . ')' ';' END $$5  (49)
	condicion : condicion . operadores expresion  (128)

	"OR"  shift 137
	"AND"  shift 138
	'>'  shift 139
	'<'  shift 140
	"DISTINTO"  shift 141
	"MAYOR_IGUAL"  shift 142
	"MENOR_IGUAL"  shift 143
	"IGUAL"  shift 144
	')'  shift 328
	.  error

	operadores  goto 146


state 323
	cuerpo_func_error : sentencia_declarativa error sentencia_compuesta RETURN '(' expresion ')' ';' POST ':' '(' . condicion ')' ';' END  (62)

	ID  shift 75
	CTE  shift 76
	ERROR  shift 77
	'-'  shift 78
	.  error

	expresion  goto 79
	condicion  goto 329
	termino  goto 81
	factor  goto 82


state 324
	cuerpo_func_error : sentencia_declarativa BEGIN sentencia_compuesta RETURN '(' expresion ')' error ';' POST ':' . '(' condicion ')' ';' END  (64)

	'('  shift 330
	.  error


state 325
	cuerpo_func_error : sentencia_declarativa BEGIN sentencia_compuesta RETURN '(' expresion ')' ';' error ':' '(' . condicion ')' ';' END  (66)

	ID  shift 75
	CTE  shift 76
	ERROR  shift 77
	'-'  shift 78
	.  error

	expresion  goto 79
	condicion  goto 331
	termino  goto 81
	factor  goto 82


state 326
	cuerpo_func : sentencia_declarativa BEGIN sentencia_compuesta RETURN '(' expresion ')' ';' POST ':' '(' . condicion ')' ';' END $$4  (47)
	cuerpo_func_error : sentencia_declarativa BEGIN sentencia_compuesta RETURN '(' expresion ')' ';' POST ':' '(' . condicion ')' ';' error  (65)

	ID  shift 75
	CTE  shift 76
	ERROR  shift 77
	'-'  shift 78
	.  error

	expresion  goto 79
	condicion  goto 332
	termino  goto 81
	factor  goto 82


state 327
	cuerpo_func_error : sentencia_declarativa BEGIN sentencia_compuesta '(' expresion ')' ';' POST ':' '(' condicion . ')' ';' END  (63)
	condicion : condicion . operadores expresion  (128)

	"OR"  shift 137
	"AND"  shift 138
	'>'  shift 139
	'<'  shift 140
	"DISTINTO"  shift 141
	"MAYOR_IGUAL"  shift 142
	"MENOR_IGUAL"  shift 143
	"IGUAL"  shift 144
	')'  shift 333
	.  error

	operadores  goto 146


state 328
	cuerpo_func : BEGIN sentencia_compuesta RETURN '(' expresion ')' ';' POST ':' '(' condicion ')' . ';' END $$5  (49)

	';'  shift 334
	.  error


state 329
	cuerpo_func_error : sentencia_declarativa error sentencia_compuesta RETURN '(' expresion ')' ';' POST ':' '(' condicion . ')' ';' END  (62)
	condicion : condicion . operadores expresion  (128)

	"OR"  shift 137
	"AND"  shift 138
	'>'  shift 139
	'<'  shift 140
	"DISTINTO"  shift 141
	"MAYOR_IGUAL"  shift 142
	"MENOR_IGUAL"  shift 143
	"IGUAL"  shift 144
	')'  shift 335
	.  error

	operadores  goto 146


state 330
	cuerpo_func_error : sentencia_declarativa BEGIN sentencia_compuesta RETURN '(' expresion ')' error ';' POST ':' '(' . condicion ')' ';' END  (64)

	ID  shift 75
	CTE  shift 76
	ERROR  shift 77
	'-'  shift 78
	.  error

	expresion  goto 79
	condicion  goto 336
	termino  goto 81
	factor  goto 82


state 331
	cuerpo_func_error : sentencia_declarativa BEGIN sentencia_compuesta RETURN '(' expresion ')' ';' error ':' '(' condicion . ')' ';' END  (66)
	condicion : condicion . operadores expresion  (128)

	"OR"  shift 137
	"AND"  shift 138
	'>'  shift 139
	'<'  shift 140
	"DISTINTO"  shift 141
	"MAYOR_IGUAL"  shift 142
	"MENOR_IGUAL"  shift 143
	"IGUAL"  shift 144
	')'  shift 337
	.  error

	operadores  goto 146


state 332
	cuerpo_func : sentencia_declarativa BEGIN sentencia_compuesta RETURN '(' expresion ')' ';' POST ':' '(' condicion . ')' ';' END $$4  (47)
	cuerpo_func_error : sentencia_declarativa BEGIN sentencia_compuesta RETURN '(' expresion ')' ';' POST ':' '(' condicion . ')' ';' error  (65)
	condicion : condicion . operadores expresion  (128)

	"OR"  shift 137
	"AND"  shift 138
	'>'  shift 139
	'<'  shift 140
	"DISTINTO"  shift 141
	"MAYOR_IGUAL"  shift 142
	"MENOR_IGUAL"  shift 143
	"IGUAL"  shift 144
	')'  shift 338
	.  error

	operadores  goto 146


state 333
	cuerpo_func_error : sentencia_declarativa BEGIN sentencia_compuesta '(' expresion ')' ';' POST ':' '(' condicion ')' . ';' END  (63)

	';'  shift 339
	.  error


state 334
	cuerpo_func : BEGIN sentencia_compuesta RETURN '(' expresion ')' ';' POST ':' '(' condicion ')' ';' . END $$5  (49)

	END  shift 340
	.  error


state 335
	cuerpo_func_error : sentencia_declarativa error sentencia_compuesta RETURN '(' expresion ')' ';' POST ':' '(' condicion ')' . ';' END  (62)

	';'  shift 341
	.  error


state 336
	cuerpo_func_error : sentencia_declarativa BEGIN sentencia_compuesta RETURN '(' expresion ')' error ';' POST ':' '(' condicion . ')' ';' END  (64)
	condicion : condicion . operadores expresion  (128)

	"OR"  shift 137
	"AND"  shift 138
	'>'  shift 139
	'<'  shift 140
	"DISTINTO"  shift 141
	"MAYOR_IGUAL"  shift 142
	"MENOR_IGUAL"  shift 143
	"IGUAL"  shift 144
	')'  shift 342
	.  error

	operadores  goto 146


state 337
	cuerpo_func_error : sentencia_declarativa BEGIN sentencia_compuesta RETURN '(' expresion ')' ';' error ':' '(' condicion ')' . ';' END  (66)

	';'  shift 343
	.  error


state 338
	cuerpo_func : sentencia_declarativa BEGIN sentencia_compuesta RETURN '(' expresion ')' ';' POST ':' '(' condicion ')' . ';' END $$4  (47)
	cuerpo_func_error : sentencia_declarativa BEGIN sentencia_compuesta RETURN '(' expresion ')' ';' POST ':' '(' condicion ')' . ';' error  (65)

	';'  shift 344
	.  error


state 339
	cuerpo_func_error : sentencia_declarativa BEGIN sentencia_compuesta '(' expresion ')' ';' POST ':' '(' condicion ')' ';' . END  (63)

	END  shift 345
	.  error


state 340
	cuerpo_func : BEGIN sentencia_compuesta RETURN '(' expresion ')' ';' POST ':' '(' condicion ')' ';' END . $$5  (49)
	$$5 : .  (48)

	.  reduce 48

	$$5  goto 346


state 341
	cuerpo_func_error : sentencia_declarativa error sentencia_compuesta RETURN '(' expresion ')' ';' POST ':' '(' condicion ')' ';' . END  (62)

	END  shift 347
	.  error


state 342
	cuerpo_func_error : sentencia_declarativa BEGIN sentencia_compuesta RETURN '(' expresion ')' error ';' POST ':' '(' condicion ')' . ';' END  (64)

	';'  shift 348
	.  error


state 343
	cuerpo_func_error : sentencia_declarativa BEGIN sentencia_compuesta RETURN '(' expresion ')' ';' error ':' '(' condicion ')' ';' . END  (66)

	END  shift 349
	.  error


state 344
	cuerpo_func : sentencia_declarativa BEGIN sentencia_compuesta RETURN '(' expresion ')' ';' POST ':' '(' condicion ')' ';' . END $$4  (47)
	cuerpo_func_error : sentencia_declarativa BEGIN sentencia_compuesta RETURN '(' expresion ')' ';' POST ':' '(' condicion ')' ';' . error  (65)

	error  shift 350
	END  shift 351
	.  error


state 345
	cuerpo_func_error : sentencia_declarativa BEGIN sentencia_compuesta '(' expresion ')' ';' POST ':' '(' condicion ')' ';' END .  (63)

	.  reduce 63


state 346
	cuerpo_func : BEGIN sentencia_compuesta RETURN '(' expresion ')' ';' POST ':' '(' condicion ')' ';' END $$5 .  (49)

	.  reduce 49


state 347
	cuerpo_func_error : sentencia_declarativa error sentencia_compuesta RETURN '(' expresion ')' ';' POST ':' '(' condicion ')' ';' END .  (62)

	.  reduce 62


state 348
	cuerpo_func_error : sentencia_declarativa BEGIN sentencia_compuesta RETURN '(' expresion ')' error ';' POST ':' '(' condicion ')' ';' . END  (64)

	END  shift 352
	.  error


state 349
	cuerpo_func_error : sentencia_declarativa BEGIN sentencia_compuesta RETURN '(' expresion ')' ';' error ':' '(' condicion ')' ';' END .  (66)

	.  reduce 66


state 350
	cuerpo_func_error : sentencia_declarativa BEGIN sentencia_compuesta RETURN '(' expresion ')' ';' POST ':' '(' condicion ')' ';' error .  (65)

	.  reduce 65


state 351
	cuerpo_func : sentencia_declarativa BEGIN sentencia_compuesta RETURN '(' expresion ')' ';' POST ':' '(' condicion ')' ';' END . $$4  (47)
	$$4 : .  (46)

	.  reduce 46

	$$4  goto 353


state 352
	cuerpo_func_error : sentencia_declarativa BEGIN sentencia_compuesta RETURN '(' expresion ')' error ';' POST ':' '(' condicion ')' ';' END .  (64)

	.  reduce 64


state 353
	cuerpo_func : sentencia_declarativa BEGIN sentencia_compuesta RETURN '(' expresion ')' ';' POST ':' '(' condicion ')' ';' END $$4 .  (47)

	.  reduce 47


41 terminals, 47 nonterminals
150 grammar rules, 354 states
